  [1m[35m (161.2ms)[0m  [1m[35mCREATE DATABASE "reddit_clone_development" ENCODING = 'unicode'[0m
  ↳ bin/rails:9
  [1m[35m (101.5ms)[0m  [1m[35mCREATE DATABASE "reddit_clone_test" ENCODING = 'unicode'[0m
  ↳ bin/rails:9
  [1m[35m (5.2ms)[0m  [1m[35mCREATE TABLE "schema_migrations" ("version" character varying NOT NULL PRIMARY KEY)[0m
  ↳ bin/rails:9
  [1m[35m (3.1ms)[0m  [1m[35mCREATE TABLE "ar_internal_metadata" ("key" character varying NOT NULL PRIMARY KEY, "value" character varying, "created_at" timestamp NOT NULL, "updated_at" timestamp NOT NULL)[0m
  ↳ bin/rails:9
  [1m[35m (0.1ms)[0m  [1m[34mSELECT pg_try_advisory_lock(688274183373989625)[0m
  ↳ bin/rails:9
  [1m[35m (0.5ms)[0m  [1m[34mSELECT "schema_migrations"."version" FROM "schema_migrations" ORDER BY "schema_migrations"."version" ASC[0m
  ↳ bin/rails:9
Migrating to CreateUsers (20210308171759)
  [1m[35m (0.2ms)[0m  [1m[34mSELECT pg_advisory_unlock(688274183373989625)[0m
  ↳ bin/rails:9
  [1m[35m (0.2ms)[0m  [1m[34mSELECT pg_try_advisory_lock(688274183373989625)[0m
  ↳ bin/rails:9
  [1m[35m (0.8ms)[0m  [1m[34mSELECT "schema_migrations"."version" FROM "schema_migrations" ORDER BY "schema_migrations"."version" ASC[0m
  ↳ bin/rails:9
Migrating to CreateUsers (20210308171759)
  [1m[35m (0.1ms)[0m  [1m[35mBEGIN[0m
  ↳ bin/rails:9
  [1m[35m (6.4ms)[0m  [1m[35mCREATE TABLE "users" ("id" bigserial primary key, "username" character varying NOT NULL, "password_digest" character varying NOT NULL, "session_token" character varying NOT NULL, "created_at" timestamp NOT NULL, "updated_at" timestamp NOT NULL)[0m
  ↳ db/migrate/20210308171759_create_users.rb:3
  [1m[35m (1.1ms)[0m  [1m[35mCREATE UNIQUE INDEX  "index_users_on_username" ON "users"  ("username")[0m
  ↳ db/migrate/20210308171759_create_users.rb:10
  [1m[35m (1.1ms)[0m  [1m[35mCREATE UNIQUE INDEX  "index_users_on_session_token" ON "users"  ("session_token")[0m
  ↳ db/migrate/20210308171759_create_users.rb:11
  [1m[36mActiveRecord::SchemaMigration Create (0.7ms)[0m  [1m[32mINSERT INTO "schema_migrations" ("version") VALUES ($1) RETURNING "version"[0m  [["version", "20210308171759"]]
  ↳ bin/rails:9
  [1m[35m (0.6ms)[0m  [1m[35mCOMMIT[0m
  ↳ bin/rails:9
  [1m[36mActiveRecord::InternalMetadata Load (0.5ms)[0m  [1m[34mSELECT  "ar_internal_metadata".* FROM "ar_internal_metadata" WHERE "ar_internal_metadata"."key" = $1 LIMIT $2[0m  [["key", "environment"], ["LIMIT", 1]]
  ↳ bin/rails:9
  [1m[35m (0.2ms)[0m  [1m[35mBEGIN[0m
  ↳ bin/rails:9
  [1m[36mActiveRecord::InternalMetadata Create (0.6ms)[0m  [1m[32mINSERT INTO "ar_internal_metadata" ("key", "value", "created_at", "updated_at") VALUES ($1, $2, $3, $4) RETURNING "key"[0m  [["key", "environment"], ["value", "development"], ["created_at", "2021-03-08 17:23:24.314334"], ["updated_at", "2021-03-08 17:23:24.314334"]]
  ↳ bin/rails:9
  [1m[35m (0.3ms)[0m  [1m[35mCOMMIT[0m
  ↳ bin/rails:9
  [1m[35m (0.2ms)[0m  [1m[34mSELECT pg_advisory_unlock(688274183373989625)[0m
  ↳ bin/rails:9
  [1m[35m (0.3ms)[0m  [1m[34mSELECT "schema_migrations"."version" FROM "schema_migrations" ORDER BY "schema_migrations"."version" ASC[0m
  ↳ bin/rails:9
  [1m[35m (0.2ms)[0m  [1m[34mSELECT "schema_migrations"."version" FROM "schema_migrations" ORDER BY "schema_migrations"."version" ASC[0m
  ↳ bin/rails:9
  [1m[35m (0.2ms)[0m  [1m[34mSELECT "ar_internal_metadata"."value" FROM "ar_internal_metadata" WHERE "ar_internal_metadata"."key" = $1[0m  [["key", "environment"]]
  ↳ bin/rails:9
  [1m[35m (0.2ms)[0m  [1m[34mSELECT "schema_migrations"."version" FROM "schema_migrations" ORDER BY "schema_migrations"."version" ASC[0m
  ↳ bin/rails:9
  [1m[35m (0.2ms)[0m  [1m[34mSELECT "ar_internal_metadata"."value" FROM "ar_internal_metadata" WHERE "ar_internal_metadata"."key" = $1[0m  [["key", "environment"]]
  ↳ bin/rails:9
  [1m[35m (0.2ms)[0m  [1m[34mSELECT "schema_migrations"."version" FROM "schema_migrations" ORDER BY "schema_migrations"."version" ASC[0m
  ↳ bin/rails:9
  [1m[35m (0.3ms)[0m  [1m[34mSELECT "ar_internal_metadata"."value" FROM "ar_internal_metadata" WHERE "ar_internal_metadata"."key" = $1[0m  [["key", "environment"]]
  ↳ bin/rails:9
  [1m[35m (47.1ms)[0m  [1m[35mDROP DATABASE IF EXISTS "reddit_clone_test"[0m
  ↳ bin/rails:9
  [1m[35m (110.3ms)[0m  [1m[35mCREATE DATABASE "reddit_clone_test" ENCODING = 'unicode'[0m
  ↳ bin/rails:9
  [1m[35mSQL (0.6ms)[0m  [1m[35mCREATE EXTENSION IF NOT EXISTS "plpgsql"[0m
  ↳ db/schema.rb:16
  [1m[35m (0.3ms)[0m  [1m[35mDROP TABLE IF EXISTS "users" CASCADE[0m
  ↳ db/schema.rb:18
  [1m[35m (9.4ms)[0m  [1m[35mCREATE TABLE "users" ("id" bigserial primary key, "username" character varying NOT NULL, "password_digest" character varying NOT NULL, "session_token" character varying NOT NULL, "created_at" timestamp NOT NULL, "updated_at" timestamp NOT NULL)[0m
  ↳ db/schema.rb:18
  [1m[35m (2.6ms)[0m  [1m[35mCREATE UNIQUE INDEX  "index_users_on_session_token" ON "users"  ("session_token")[0m
  ↳ db/schema.rb:18
  [1m[35m (4.3ms)[0m  [1m[35mCREATE UNIQUE INDEX  "index_users_on_username" ON "users"  ("username")[0m
  ↳ db/schema.rb:18
  [1m[35m (4.1ms)[0m  [1m[35mCREATE TABLE "schema_migrations" ("version" character varying NOT NULL PRIMARY KEY)[0m
  ↳ db/schema.rb:13
  [1m[35m (0.6ms)[0m  [1m[34mSELECT "schema_migrations"."version" FROM "schema_migrations" ORDER BY "schema_migrations"."version" ASC[0m
  ↳ db/schema.rb:13
  [1m[35m (0.5ms)[0m  [1m[32mINSERT INTO "schema_migrations" (version) VALUES (20210308171759)[0m
  ↳ db/schema.rb:13
  [1m[35m (3.6ms)[0m  [1m[35mCREATE TABLE "ar_internal_metadata" ("key" character varying NOT NULL PRIMARY KEY, "value" character varying, "created_at" timestamp NOT NULL, "updated_at" timestamp NOT NULL)[0m
  ↳ db/schema.rb:13
  [1m[36mActiveRecord::InternalMetadata Load (0.3ms)[0m  [1m[34mSELECT  "ar_internal_metadata".* FROM "ar_internal_metadata" WHERE "ar_internal_metadata"."key" = $1 LIMIT $2[0m  [["key", "environment"], ["LIMIT", 1]]
  ↳ db/schema.rb:13
  [1m[35m (0.1ms)[0m  [1m[35mBEGIN[0m
  ↳ db/schema.rb:13
  [1m[36mActiveRecord::InternalMetadata Create (0.3ms)[0m  [1m[32mINSERT INTO "ar_internal_metadata" ("key", "value", "created_at", "updated_at") VALUES ($1, $2, $3, $4) RETURNING "key"[0m  [["key", "environment"], ["value", "development"], ["created_at", "2021-03-08 17:23:24.594951"], ["updated_at", "2021-03-08 17:23:24.594951"]]
  ↳ db/schema.rb:13
  [1m[35m (0.2ms)[0m  [1m[35mCOMMIT[0m
  ↳ db/schema.rb:13
  [1m[36mActiveRecord::InternalMetadata Load (0.2ms)[0m  [1m[34mSELECT  "ar_internal_metadata".* FROM "ar_internal_metadata" WHERE "ar_internal_metadata"."key" = $1 LIMIT $2[0m  [["key", "environment"], ["LIMIT", 1]]
  ↳ bin/rails:9
  [1m[35m (0.1ms)[0m  [1m[35mBEGIN[0m
  ↳ bin/rails:9
  [1m[36mActiveRecord::InternalMetadata Update (0.3ms)[0m  [1m[33mUPDATE "ar_internal_metadata" SET "value" = $1, "updated_at" = $2 WHERE "ar_internal_metadata"."key" = $3[0m  [["value", "test"], ["updated_at", "2021-03-08 17:23:24.598850"], ["key", "environment"]]
  ↳ bin/rails:9
  [1m[35m (0.3ms)[0m  [1m[35mCOMMIT[0m
  ↳ bin/rails:9
Started GET "/" for ::1 at 2021-03-08 11:17:28 -0800
  [1m[35m (1.5ms)[0m  [1m[34mSELECT "schema_migrations"."version" FROM "schema_migrations" ORDER BY "schema_migrations"."version" ASC[0m
  ↳ /Users/terrythind/.rbenv/versions/2.5.1/lib/ruby/gems/2.5.0/gems/activerecord-5.2.4.5/lib/active_record/log_subscriber.rb:98
Processing by Rails::WelcomeController#index as HTML
  Rendering /Users/terrythind/.rbenv/versions/2.5.1/lib/ruby/gems/2.5.0/gems/railties-5.2.4.5/lib/rails/templates/rails/welcome/index.html.erb
  Rendered /Users/terrythind/.rbenv/versions/2.5.1/lib/ruby/gems/2.5.0/gems/railties-5.2.4.5/lib/rails/templates/rails/welcome/index.html.erb (4.6ms)
Completed 200 OK in 22ms (Views: 13.6ms | ActiveRecord: 0.0ms)


Started GET "/users/new" for ::1 at 2021-03-08 11:17:37 -0800
Processing by UsersController#new as HTML
  Rendering users/new.html.erb within layouts/application
  Rendered users/new.html.erb within layouts/application (0.7ms)
  [1m[36mUser Load (2.0ms)[0m  [1m[34mSELECT  "users".* FROM "users" WHERE "users"."session_token" IS NULL LIMIT $1[0m  [["LIMIT", 1]]
  ↳ app/controllers/application_controller.rb:12
Completed 200 OK in 795ms (Views: 777.8ms | ActiveRecord: 8.7ms)


Started POST "/users" for ::1 at 2021-03-08 11:17:49 -0800
Processing by UsersController#create as HTML
  Parameters: {"authenticity_token"=>"XvPrtc5EDR3YFq4dGAgNXuRPKEAdqjHu3vX35NK21iZ9Sp59vyI9cGu0PdAAIZjenKLnP+2lZuJTGLDY2uFNvA==", "user"=>{"username"=>"Phil", "password"=>"[FILTERED]"}}
  [1m[35m (0.2ms)[0m  [1m[35mBEGIN[0m
  ↳ app/controllers/users_controller.rb:26
  [1m[36mUser Exists (1.5ms)[0m  [1m[34mSELECT  1 AS one FROM "users" WHERE "users"."username" = $1 LIMIT $2[0m  [["username", "Phil"], ["LIMIT", 1]]
  ↳ app/controllers/users_controller.rb:26
  [1m[36mUser Exists (0.5ms)[0m  [1m[34mSELECT  1 AS one FROM "users" WHERE "users"."session_token" = $1 LIMIT $2[0m  [["session_token", "Cu2REI_YLiiNRTa7ykMnog"], ["LIMIT", 1]]
  ↳ app/controllers/users_controller.rb:26
  [1m[36mUser Create (1.0ms)[0m  [1m[32mINSERT INTO "users" ("username", "password_digest", "session_token", "created_at", "updated_at") VALUES ($1, $2, $3, $4, $5) RETURNING "id"[0m  [["username", "Phil"], ["password_digest", "$2a$12$kQUMocVC/aqF0QUG3LPuCu2F3JZgFzXf9a1rfo.oTCrximyWjETEO"], ["session_token", "Cu2REI_YLiiNRTa7ykMnog"], ["created_at", "2021-03-08 19:17:50.165184"], ["updated_at", "2021-03-08 19:17:50.165184"]]
  ↳ app/controllers/users_controller.rb:26
  [1m[35m (0.4ms)[0m  [1m[35mCOMMIT[0m
  ↳ app/controllers/users_controller.rb:26
  [1m[35m (0.2ms)[0m  [1m[35mBEGIN[0m
  ↳ app/models/user.rb:33
  [1m[36mUser Exists (0.5ms)[0m  [1m[34mSELECT  1 AS one FROM "users" WHERE "users"."username" = $1 AND "users"."id" != $2 LIMIT $3[0m  [["username", "Phil"], ["id", 1], ["LIMIT", 1]]
  ↳ app/models/user.rb:33
  [1m[36mUser Exists (0.5ms)[0m  [1m[34mSELECT  1 AS one FROM "users" WHERE "users"."session_token" = $1 AND "users"."id" != $2 LIMIT $3[0m  [["session_token", "w5dKd3k4fbCBhcfEeEB9NQ"], ["id", 1], ["LIMIT", 1]]
  ↳ app/models/user.rb:33
  [1m[36mUser Update (0.6ms)[0m  [1m[33mUPDATE "users" SET "session_token" = $1, "updated_at" = $2 WHERE "users"."id" = $3[0m  [["session_token", "w5dKd3k4fbCBhcfEeEB9NQ"], ["updated_at", "2021-03-08 19:17:50.172537"], ["id", 1]]
  ↳ app/models/user.rb:33
  [1m[35m (0.3ms)[0m  [1m[35mCOMMIT[0m
  ↳ app/models/user.rb:33
Redirected to http://localhost:3000/users
Completed 302 Found in 271ms (ActiveRecord: 5.7ms)


Started GET "/users" for ::1 at 2021-03-08 11:17:50 -0800
Processing by UsersController#index as HTML
  [1m[36mUser Load (0.4ms)[0m  [1m[34mSELECT  "users".* FROM "users" WHERE "users"."session_token" = $1 LIMIT $2[0m  [["session_token", "w5dKd3k4fbCBhcfEeEB9NQ"], ["LIMIT", 1]]
  ↳ app/controllers/application_controller.rb:12
  Rendering users/index.html.erb within layouts/application
  Rendered users/index.html.erb within layouts/application (8.5ms)
Completed 500 Internal Server Error in 23ms (ActiveRecord: 0.7ms)



NoMethodError - undefined method `username' for nil:NilClass:
  app/views/users/index.html.erb:1:in `_app_views_users_index_html_erb___3587615436720375553_70199495476100'
  app/controllers/users_controller.rb:8:in `index'

Started POST "/__better_errors/5d56aacd79ebdca9/variables" for ::1 at 2021-03-08 11:17:50 -0800
  [1m[36mUser Load (0.3ms)[0m  [1m[34mSELECT  "users".* FROM "users" LIMIT $1[0m  [["LIMIT", 11]]
  ↳ /Users/terrythind/.rbenv/versions/2.5.1/lib/ruby/gems/2.5.0/gems/activerecord-5.2.4.5/lib/active_record/log_subscriber.rb:98
  [1m[36mCACHE User Load (0.1ms)[0m  [1m[34mSELECT  "users".* FROM "users" LIMIT $1[0m  [["LIMIT", 11]]
  ↳ /Users/terrythind/.rbenv/versions/2.5.1/lib/ruby/gems/2.5.0/gems/activerecord-5.2.4.5/lib/active_record/log_subscriber.rb:98
  [1m[36mCACHE User Load (0.1ms)[0m  [1m[34mSELECT  "users".* FROM "users" LIMIT $1[0m  [["LIMIT", 11]]
  ↳ /Users/terrythind/.rbenv/versions/2.5.1/lib/ruby/gems/2.5.0/gems/activerecord-5.2.4.5/lib/active_record/log_subscriber.rb:98
  [1m[36mCACHE User Load (0.0ms)[0m  [1m[34mSELECT  "users".* FROM "users" LIMIT $1[0m  [["LIMIT", 11]]
  ↳ /Users/terrythind/.rbenv/versions/2.5.1/lib/ruby/gems/2.5.0/gems/activerecord-5.2.4.5/lib/active_record/log_subscriber.rb:98
Started GET "/users" for ::1 at 2021-03-08 11:19:27 -0800
Processing by UsersController#index as HTML
  [1m[36mUser Load (0.4ms)[0m  [1m[34mSELECT  "users".* FROM "users" WHERE "users"."session_token" = $1 LIMIT $2[0m  [["session_token", "w5dKd3k4fbCBhcfEeEB9NQ"], ["LIMIT", 1]]
  ↳ app/controllers/application_controller.rb:12
  Rendering users/index.html.erb within layouts/application
  Rendered users/index.html.erb within layouts/application (0.7ms)
Completed 200 OK in 29ms (Views: 27.5ms | ActiveRecord: 0.4ms)


Started DELETE "/session" for ::1 at 2021-03-08 11:19:48 -0800
Processing by SessionsController#destroy as HTML
  Parameters: {"authenticity_token"=>"xdtu/ssyMjcETpYhOcnl8zuPUTPL9hEa/j5A6QAIsBDmYhs2ulQCWrfsBewh4HBzQ2KeTDv5RhZz0wfVCF8rig=="}
  [1m[36mUser Load (0.4ms)[0m  [1m[34mSELECT  "users".* FROM "users" WHERE "users"."session_token" = $1 LIMIT $2[0m  [["session_token", "w5dKd3k4fbCBhcfEeEB9NQ"], ["LIMIT", 1]]
  ↳ app/controllers/application_controller.rb:12
  [1m[35m (0.2ms)[0m  [1m[35mBEGIN[0m
  ↳ app/models/user.rb:33
  [1m[36mUser Exists (0.4ms)[0m  [1m[34mSELECT  1 AS one FROM "users" WHERE "users"."username" = $1 AND "users"."id" != $2 LIMIT $3[0m  [["username", "Phil"], ["id", 1], ["LIMIT", 1]]
  ↳ app/models/user.rb:33
  [1m[36mUser Exists (0.4ms)[0m  [1m[34mSELECT  1 AS one FROM "users" WHERE "users"."session_token" = $1 AND "users"."id" != $2 LIMIT $3[0m  [["session_token", "NL-e-hDItgdvSIRdYEmXqg"], ["id", 1], ["LIMIT", 1]]
  ↳ app/models/user.rb:33
  [1m[36mUser Update (0.3ms)[0m  [1m[33mUPDATE "users" SET "session_token" = $1, "updated_at" = $2 WHERE "users"."id" = $3[0m  [["session_token", "NL-e-hDItgdvSIRdYEmXqg"], ["updated_at", "2021-03-08 19:19:48.747583"], ["id", 1]]
  ↳ app/models/user.rb:33
  [1m[35m (0.3ms)[0m  [1m[35mCOMMIT[0m
  ↳ app/models/user.rb:33
Redirected to http://localhost:3000/session/new
Completed 302 Found in 8ms (ActiveRecord: 2.0ms)


Started GET "/session/new" for ::1 at 2021-03-08 11:19:48 -0800
Processing by SessionsController#new as HTML
  Rendering sessions/new.html.erb within layouts/application
  Rendered sessions/new.html.erb within layouts/application (6.0ms)
Completed 500 Internal Server Error in 15ms (ActiveRecord: 0.0ms)



NoMethodError - undefined method `username' for nil:NilClass:
  app/views/sessions/new.html.erb:6:in `_app_views_sessions_new_html_erb__332455974061535523_70199470423960'
  app/controllers/sessions_controller.rb:3:in `new'

Started POST "/__better_errors/7ec74efdd708d8fb/variables" for ::1 at 2021-03-08 11:19:48 -0800
Started DELETE "/session" for ::1 at 2021-03-08 11:20:14 -0800
Processing by SessionsController#destroy as HTML
  Parameters: {"authenticity_token"=>"xdtu/ssyMjcETpYhOcnl8zuPUTPL9hEa/j5A6QAIsBDmYhs2ulQCWrfsBewh4HBzQ2KeTDv5RhZz0wfVCF8rig=="}
  [1m[36mUser Load (0.4ms)[0m  [1m[34mSELECT  "users".* FROM "users" WHERE "users"."session_token" IS NULL LIMIT $1[0m  [["LIMIT", 1]]
  ↳ app/controllers/application_controller.rb:12
Redirected to http://localhost:3000/session/new
Completed 302 Found in 3ms (ActiveRecord: 0.4ms)


Started GET "/session/new" for ::1 at 2021-03-08 11:20:14 -0800
Processing by SessionsController#new as HTML
  Rendering sessions/new.html.erb within layouts/application
  Rendered sessions/new.html.erb within layouts/application (5.2ms)
Completed 500 Internal Server Error in 14ms (ActiveRecord: 0.0ms)



NoMethodError - undefined method `username' for nil:NilClass:
  app/views/sessions/new.html.erb:6:in `_app_views_sessions_new_html_erb__332455974061535523_70199470340900'
  app/controllers/sessions_controller.rb:3:in `new'

Started POST "/__better_errors/8cca4c0fa8f5deab/variables" for ::1 at 2021-03-08 11:20:14 -0800
Started POST "/__better_errors/8cca4c0fa8f5deab/eval" for ::1 at 2021-03-08 11:21:18 -0800
Started GET "/session/new" for ::1 at 2021-03-08 11:22:20 -0800
Processing by SessionsController#new as HTML
  Rendering sessions/new.html.erb within layouts/application
  Rendered sessions/new.html.erb within layouts/application (0.7ms)
  [1m[36mUser Load (0.4ms)[0m  [1m[34mSELECT  "users".* FROM "users" WHERE "users"."session_token" IS NULL LIMIT $1[0m  [["LIMIT", 1]]
  ↳ app/controllers/application_controller.rb:12
Completed 200 OK in 41ms (Views: 39.1ms | ActiveRecord: 0.4ms)


Started POST "/session" for ::1 at 2021-03-08 11:22:27 -0800
Processing by SessionsController#create as HTML
  Parameters: {"authenticty_token"=>"xzvThw+j1PeY2E5xNxlux/LDm6pgOQ7lvXt2phJtBxHkgqZPfsXkmit63bwvMPtHii5U1ZA2WekwljGaGjqciw==", "user"=>{"username"=>"Phil", "password"=>"[FILTERED]"}}
Can't verify CSRF token authenticity.
Completed 422 Unprocessable Entity in 5ms (ActiveRecord: 0.0ms)



ActionController::InvalidAuthenticityToken - ActionController::InvalidAuthenticityToken:

Started POST "/__better_errors/b9ed75b332138c1b/variables" for ::1 at 2021-03-08 11:22:27 -0800
Started POST "/session" for ::1 at 2021-03-08 11:28:46 -0800
Processing by SessionsController#create as HTML
  Parameters: {"authenticty_token"=>"xzvThw+j1PeY2E5xNxlux/LDm6pgOQ7lvXt2phJtBxHkgqZPfsXkmit63bwvMPtHii5U1ZA2WekwljGaGjqciw==", "user"=>{"username"=>"Phil", "password"=>"[FILTERED]"}}
Can't verify CSRF token authenticity.
Completed 422 Unprocessable Entity in 1ms (ActiveRecord: 0.0ms)



ActionController::InvalidAuthenticityToken - ActionController::InvalidAuthenticityToken:

Started POST "/__better_errors/da518c35f3c41c30/variables" for ::1 at 2021-03-08 11:28:46 -0800
Started POST "/session" for ::1 at 2021-03-08 11:28:52 -0800
Processing by SessionsController#create as HTML
  Parameters: {"authenticty_token"=>"xzvThw+j1PeY2E5xNxlux/LDm6pgOQ7lvXt2phJtBxHkgqZPfsXkmit63bwvMPtHii5U1ZA2WekwljGaGjqciw==", "user"=>{"username"=>"Phil", "password"=>"[FILTERED]"}}
Can't verify CSRF token authenticity.
Completed 422 Unprocessable Entity in 1ms (ActiveRecord: 0.0ms)



ActionController::InvalidAuthenticityToken - ActionController::InvalidAuthenticityToken:

Started POST "/__better_errors/f759e04b43159cdc/variables" for ::1 at 2021-03-08 11:28:53 -0800
Started GET "/session/new" for ::1 at 2021-03-08 11:29:24 -0800
  [1m[35m (0.9ms)[0m  [1m[34mSELECT "schema_migrations"."version" FROM "schema_migrations" ORDER BY "schema_migrations"."version" ASC[0m
  ↳ /Users/terrythind/.rbenv/versions/2.5.1/lib/ruby/gems/2.5.0/gems/activerecord-5.2.4.5/lib/active_record/log_subscriber.rb:98
Processing by SessionsController#new as HTML
  Rendering sessions/new.html.erb within layouts/application
  Rendered sessions/new.html.erb within layouts/application (1.9ms)
  [1m[36mUser Load (1.0ms)[0m  [1m[34mSELECT  "users".* FROM "users" WHERE "users"."session_token" IS NULL LIMIT $1[0m  [["LIMIT", 1]]
  ↳ app/controllers/application_controller.rb:12
Completed 200 OK in 217ms (Views: 209.0ms | ActiveRecord: 4.0ms)


Started POST "/session" for ::1 at 2021-03-08 11:29:34 -0800
Processing by SessionsController#create as HTML
  Parameters: {"authenticity_token"=>"dyGfpW7lIVP40jxLUkc92tXg8EjDhuKV/+PSW9o+7NlUmOptH4MRPktwr4ZKbqharQ0/NzOJtZlyDpVn0ml3Qw==", "user"=>{"username"=>"Phil", "password"=>"[FILTERED]"}}
  [1m[36mUser Load (0.3ms)[0m  [1m[34mSELECT  "users".* FROM "users" WHERE "users"."username" = $1 LIMIT $2[0m  [["username", "Phil"], ["LIMIT", 1]]
  ↳ app/models/user.rb:12
  [1m[35m (0.1ms)[0m  [1m[35mBEGIN[0m
  ↳ app/models/user.rb:33
  [1m[36mUser Exists (0.5ms)[0m  [1m[34mSELECT  1 AS one FROM "users" WHERE "users"."username" = $1 AND "users"."id" != $2 LIMIT $3[0m  [["username", "Phil"], ["id", 1], ["LIMIT", 1]]
  ↳ app/models/user.rb:33
  [1m[36mUser Exists (0.3ms)[0m  [1m[34mSELECT  1 AS one FROM "users" WHERE "users"."session_token" = $1 AND "users"."id" != $2 LIMIT $3[0m  [["session_token", "4F2NZbFQONSh4uBFF__t9w"], ["id", 1], ["LIMIT", 1]]
  ↳ app/models/user.rb:33
  [1m[36mUser Update (1.0ms)[0m  [1m[33mUPDATE "users" SET "session_token" = $1, "updated_at" = $2 WHERE "users"."id" = $3[0m  [["session_token", "4F2NZbFQONSh4uBFF__t9w"], ["updated_at", "2021-03-08 19:29:34.392545"], ["id", 1]]
  ↳ app/models/user.rb:33
  [1m[35m (1.5ms)[0m  [1m[35mCOMMIT[0m
  ↳ app/models/user.rb:33
Redirected to http://localhost:3000/users
Completed 302 Found in 275ms (ActiveRecord: 8.5ms)


Started GET "/users" for ::1 at 2021-03-08 11:29:34 -0800
Processing by UsersController#index as HTML
  [1m[36mUser Load (0.4ms)[0m  [1m[34mSELECT  "users".* FROM "users" WHERE "users"."session_token" = $1 LIMIT $2[0m  [["session_token", "4F2NZbFQONSh4uBFF__t9w"], ["LIMIT", 1]]
  ↳ app/controllers/application_controller.rb:12
  Rendering users/index.html.erb within layouts/application
  Rendered users/index.html.erb within layouts/application (0.4ms)
Completed 200 OK in 30ms (Views: 27.3ms | ActiveRecord: 0.4ms)


Started DELETE "/session" for ::1 at 2021-03-08 11:29:40 -0800
Processing by SessionsController#destroy as HTML
  Parameters: {"authenticity_token"=>"/Z+J8MugMdEAQyrCNdCZqBxAjG6OQtJTBK2rlxeFMaHeJvw4usYBvLPhuQ8t+QwoZK1DEX5NhV+JQOyrH9KqOw=="}
  [1m[36mUser Load (0.3ms)[0m  [1m[34mSELECT  "users".* FROM "users" WHERE "users"."session_token" = $1 LIMIT $2[0m  [["session_token", "4F2NZbFQONSh4uBFF__t9w"], ["LIMIT", 1]]
  ↳ app/controllers/application_controller.rb:12
  [1m[35m (0.1ms)[0m  [1m[35mBEGIN[0m
  ↳ app/models/user.rb:33
  [1m[36mUser Exists (0.4ms)[0m  [1m[34mSELECT  1 AS one FROM "users" WHERE "users"."username" = $1 AND "users"."id" != $2 LIMIT $3[0m  [["username", "Phil"], ["id", 1], ["LIMIT", 1]]
  ↳ app/models/user.rb:33
  [1m[36mUser Exists (0.4ms)[0m  [1m[34mSELECT  1 AS one FROM "users" WHERE "users"."session_token" = $1 AND "users"."id" != $2 LIMIT $3[0m  [["session_token", "x_5Y_6j5i0ZsUg0htH7yFA"], ["id", 1], ["LIMIT", 1]]
  ↳ app/models/user.rb:33
  [1m[36mUser Update (0.5ms)[0m  [1m[33mUPDATE "users" SET "session_token" = $1, "updated_at" = $2 WHERE "users"."id" = $3[0m  [["session_token", "x_5Y_6j5i0ZsUg0htH7yFA"], ["updated_at", "2021-03-08 19:29:40.410622"], ["id", 1]]
  ↳ app/models/user.rb:33
  [1m[35m (0.4ms)[0m  [1m[35mCOMMIT[0m
  ↳ app/models/user.rb:33
Redirected to http://localhost:3000/session/new
Completed 302 Found in 7ms (ActiveRecord: 2.0ms)


Started GET "/session/new" for ::1 at 2021-03-08 11:29:40 -0800
Processing by SessionsController#new as HTML
  Rendering sessions/new.html.erb within layouts/application
  Rendered sessions/new.html.erb within layouts/application (0.7ms)
  [1m[36mUser Load (0.3ms)[0m  [1m[34mSELECT  "users".* FROM "users" WHERE "users"."session_token" IS NULL LIMIT $1[0m  [["LIMIT", 1]]
  ↳ app/controllers/application_controller.rb:12
Completed 200 OK in 23ms (Views: 21.9ms | ActiveRecord: 0.3ms)


Started GET "/" for ::1 at 2021-03-08 11:30:12 -0800
Processing by Rails::WelcomeController#index as HTML
  Rendering /Users/terrythind/.rbenv/versions/2.5.1/lib/ruby/gems/2.5.0/gems/railties-5.2.4.5/lib/rails/templates/rails/welcome/index.html.erb
  Rendered /Users/terrythind/.rbenv/versions/2.5.1/lib/ruby/gems/2.5.0/gems/railties-5.2.4.5/lib/rails/templates/rails/welcome/index.html.erb (2.1ms)
Completed 200 OK in 12ms (Views: 6.7ms | ActiveRecord: 0.0ms)


Started GET "/session/new" for ::1 at 2021-03-08 11:30:25 -0800
Processing by SessionsController#new as HTML
  Rendering sessions/new.html.erb within layouts/application
  Rendered sessions/new.html.erb within layouts/application (0.5ms)
  [1m[36mUser Load (0.3ms)[0m  [1m[34mSELECT  "users".* FROM "users" WHERE "users"."session_token" IS NULL LIMIT $1[0m  [["LIMIT", 1]]
  ↳ app/controllers/application_controller.rb:12
Completed 200 OK in 27ms (Views: 25.9ms | ActiveRecord: 0.3ms)


Started GET "/session/new" for ::1 at 2021-03-08 11:33:07 -0800
Processing by SessionsController#new as HTML
  Rendering sessions/new.html.erb within layouts/application
  Rendered sessions/new.html.erb within layouts/application (0.7ms)
  [1m[36mUser Load (0.3ms)[0m  [1m[34mSELECT  "users".* FROM "users" WHERE "users"."session_token" IS NULL LIMIT $1[0m  [["LIMIT", 1]]
  ↳ app/controllers/application_controller.rb:12
Completed 200 OK in 29ms (Views: 28.2ms | ActiveRecord: 0.3ms)


Started GET "/users/new" for ::1 at 2021-03-08 11:33:10 -0800
Processing by UsersController#new as HTML
  Rendering users/new.html.erb within layouts/application
  Rendered users/new.html.erb within layouts/application (0.6ms)
  [1m[36mUser Load (0.3ms)[0m  [1m[34mSELECT  "users".* FROM "users" WHERE "users"."session_token" IS NULL LIMIT $1[0m  [["LIMIT", 1]]
  ↳ app/controllers/application_controller.rb:12
Completed 200 OK in 32ms (Views: 30.5ms | ActiveRecord: 0.3ms)


Started GET "/users/new" for ::1 at 2021-03-08 11:33:41 -0800
Processing by UsersController#new as HTML
  Rendering users/new.html.erb within layouts/application
  Rendered users/new.html.erb within layouts/application (0.7ms)
  [1m[36mUser Load (0.4ms)[0m  [1m[34mSELECT  "users".* FROM "users" WHERE "users"."session_token" IS NULL LIMIT $1[0m  [["LIMIT", 1]]
  ↳ app/controllers/application_controller.rb:12
Completed 200 OK in 39ms (Views: 37.5ms | ActiveRecord: 0.4ms)


Started GET "/session/new" for ::1 at 2021-03-08 11:33:45 -0800
Processing by SessionsController#new as HTML
  Rendering sessions/new.html.erb within layouts/application
  Rendered sessions/new.html.erb within layouts/application (0.6ms)
  [1m[36mUser Load (0.2ms)[0m  [1m[34mSELECT  "users".* FROM "users" WHERE "users"."session_token" IS NULL LIMIT $1[0m  [["LIMIT", 1]]
  ↳ app/controllers/application_controller.rb:12
Completed 200 OK in 32ms (Views: 30.5ms | ActiveRecord: 0.2ms)


Started GET "/users" for ::1 at 2021-03-08 11:33:47 -0800
Processing by UsersController#index as HTML
  [1m[36mUser Load (0.2ms)[0m  [1m[34mSELECT  "users".* FROM "users" WHERE "users"."session_token" IS NULL LIMIT $1[0m  [["LIMIT", 1]]
  ↳ app/controllers/application_controller.rb:12
Redirected to http://localhost:3000/session/new
Filter chain halted as :require_logged_in rendered or redirected
Completed 302 Found in 2ms (ActiveRecord: 0.2ms)


Started GET "/session/new" for ::1 at 2021-03-08 11:33:47 -0800
Processing by SessionsController#new as HTML
  Rendering sessions/new.html.erb within layouts/application
  Rendered sessions/new.html.erb within layouts/application (0.6ms)
  [1m[36mUser Load (0.2ms)[0m  [1m[34mSELECT  "users".* FROM "users" WHERE "users"."session_token" IS NULL LIMIT $1[0m  [["LIMIT", 1]]
  ↳ app/controllers/application_controller.rb:12
Completed 200 OK in 31ms (Views: 30.4ms | ActiveRecord: 0.2ms)


Started GET "/users" for ::1 at 2021-03-08 11:33:49 -0800
Processing by UsersController#index as HTML
  [1m[36mUser Load (0.2ms)[0m  [1m[34mSELECT  "users".* FROM "users" WHERE "users"."session_token" IS NULL LIMIT $1[0m  [["LIMIT", 1]]
  ↳ app/controllers/application_controller.rb:12
Redirected to http://localhost:3000/session/new
Filter chain halted as :require_logged_in rendered or redirected
Completed 302 Found in 2ms (ActiveRecord: 0.2ms)


Started GET "/session/new" for ::1 at 2021-03-08 11:33:49 -0800
Processing by SessionsController#new as HTML
  Rendering sessions/new.html.erb within layouts/application
  Rendered sessions/new.html.erb within layouts/application (1.0ms)
  [1m[36mUser Load (0.2ms)[0m  [1m[34mSELECT  "users".* FROM "users" WHERE "users"."session_token" IS NULL LIMIT $1[0m  [["LIMIT", 1]]
  ↳ app/controllers/application_controller.rb:12
Completed 200 OK in 39ms (Views: 38.1ms | ActiveRecord: 0.2ms)


Started GET "/users" for ::1 at 2021-03-08 11:33:51 -0800
Processing by UsersController#index as HTML
  [1m[36mUser Load (0.3ms)[0m  [1m[34mSELECT  "users".* FROM "users" WHERE "users"."session_token" IS NULL LIMIT $1[0m  [["LIMIT", 1]]
  ↳ app/controllers/application_controller.rb:12
Redirected to http://localhost:3000/session/new
Filter chain halted as :require_logged_in rendered or redirected
Completed 302 Found in 2ms (ActiveRecord: 0.3ms)


Started GET "/session/new" for ::1 at 2021-03-08 11:33:51 -0800
Processing by SessionsController#new as HTML
  Rendering sessions/new.html.erb within layouts/application
  Rendered sessions/new.html.erb within layouts/application (0.6ms)
  [1m[36mUser Load (0.3ms)[0m  [1m[34mSELECT  "users".* FROM "users" WHERE "users"."session_token" IS NULL LIMIT $1[0m  [["LIMIT", 1]]
  ↳ app/controllers/application_controller.rb:12
Completed 200 OK in 29ms (Views: 28.6ms | ActiveRecord: 0.3ms)


Started GET "/session/new" for ::1 at 2021-03-08 11:37:23 -0800
Processing by SessionsController#new as HTML
  Rendering sessions/new.html.erb within layouts/application
  Rendered sessions/new.html.erb within layouts/application (0.6ms)
  [1m[36mUser Load (0.2ms)[0m  [1m[34mSELECT  "users".* FROM "users" WHERE "users"."session_token" IS NULL LIMIT $1[0m  [["LIMIT", 1]]
  ↳ app/controllers/application_controller.rb:12
Completed 200 OK in 24ms (Views: 23.1ms | ActiveRecord: 0.2ms)


Started GET "/session/new" for ::1 at 2021-03-08 11:37:58 -0800
Processing by SessionsController#new as HTML
  Rendering sessions/new.html.erb within layouts/application
  Rendered sessions/new.html.erb within layouts/application (1.1ms)
  [1m[36mUser Load (0.2ms)[0m  [1m[34mSELECT  "users".* FROM "users" WHERE "users"."session_token" IS NULL LIMIT $1[0m  [["LIMIT", 1]]
  ↳ app/controllers/application_controller.rb:12
  [1m[36mCACHE User Load (0.0ms)[0m  [1m[34mSELECT  "users".* FROM "users" WHERE "users"."session_token" IS NULL LIMIT $1[0m  [["LIMIT", 1]]
  ↳ app/controllers/application_controller.rb:12
Completed 200 OK in 28ms (Views: 27.4ms | ActiveRecord: 0.2ms)


Started POST "/session" for ::1 at 2021-03-08 11:38:05 -0800
Processing by SessionsController#create as HTML
  Parameters: {"authenticity_token"=>"ZlI+hoogtv4N+Cq/bZLhfcMXnGc7qG/mZ9lGWm5guq1F60tO+0aGk75auXJ1u3T9u/pTGMunOOrqNAFmZjchNw==", "user"=>{"username"=>"Phil", "password"=>"[FILTERED]"}}
  [1m[36mUser Load (0.3ms)[0m  [1m[34mSELECT  "users".* FROM "users" WHERE "users"."username" = $1 LIMIT $2[0m  [["username", "Phil"], ["LIMIT", 1]]
  ↳ app/models/user.rb:12
  [1m[35m (0.2ms)[0m  [1m[35mBEGIN[0m
  ↳ app/models/user.rb:33
  [1m[36mUser Exists (0.4ms)[0m  [1m[34mSELECT  1 AS one FROM "users" WHERE "users"."username" = $1 AND "users"."id" != $2 LIMIT $3[0m  [["username", "Phil"], ["id", 1], ["LIMIT", 1]]
  ↳ app/models/user.rb:33
  [1m[36mUser Exists (0.4ms)[0m  [1m[34mSELECT  1 AS one FROM "users" WHERE "users"."session_token" = $1 AND "users"."id" != $2 LIMIT $3[0m  [["session_token", "rNqhi-y7giAEPNpJqGSoeQ"], ["id", 1], ["LIMIT", 1]]
  ↳ app/models/user.rb:33
  [1m[36mUser Update (0.5ms)[0m  [1m[33mUPDATE "users" SET "session_token" = $1, "updated_at" = $2 WHERE "users"."id" = $3[0m  [["session_token", "rNqhi-y7giAEPNpJqGSoeQ"], ["updated_at", "2021-03-08 19:38:05.322476"], ["id", 1]]
  ↳ app/models/user.rb:33
  [1m[35m (0.5ms)[0m  [1m[35mCOMMIT[0m
  ↳ app/models/user.rb:33
Redirected to http://localhost:3000/users
Completed 302 Found in 258ms (ActiveRecord: 2.2ms)


Started GET "/users" for ::1 at 2021-03-08 11:38:05 -0800
Processing by UsersController#index as HTML
  [1m[36mUser Load (0.4ms)[0m  [1m[34mSELECT  "users".* FROM "users" WHERE "users"."session_token" = $1 LIMIT $2[0m  [["session_token", "rNqhi-y7giAEPNpJqGSoeQ"], ["LIMIT", 1]]
  ↳ app/controllers/application_controller.rb:12
  Rendering users/index.html.erb within layouts/application
  Rendered users/index.html.erb within layouts/application (0.3ms)
Completed 200 OK in 29ms (Views: 26.6ms | ActiveRecord: 0.4ms)


Started DELETE "/session" for ::1 at 2021-03-08 11:38:13 -0800
Processing by SessionsController#destroy as HTML
  Parameters: {"authenticity_token"=>"vmBuFz47DkOAH/A15FGbxkYkoLbYlaQm9qeXp3Duirid2RvfT10+LjO9Y/j8eA5GPslvySia8yp7StCbeLkRIg=="}
  [1m[36mUser Load (0.3ms)[0m  [1m[34mSELECT  "users".* FROM "users" WHERE "users"."session_token" = $1 LIMIT $2[0m  [["session_token", "rNqhi-y7giAEPNpJqGSoeQ"], ["LIMIT", 1]]
  ↳ app/controllers/application_controller.rb:12
  [1m[35m (0.1ms)[0m  [1m[35mBEGIN[0m
  ↳ app/models/user.rb:33
  [1m[36mUser Exists (0.5ms)[0m  [1m[34mSELECT  1 AS one FROM "users" WHERE "users"."username" = $1 AND "users"."id" != $2 LIMIT $3[0m  [["username", "Phil"], ["id", 1], ["LIMIT", 1]]
  ↳ app/models/user.rb:33
  [1m[36mUser Exists (0.5ms)[0m  [1m[34mSELECT  1 AS one FROM "users" WHERE "users"."session_token" = $1 AND "users"."id" != $2 LIMIT $3[0m  [["session_token", "LefwAPxB7Lzf_EvCV-gaaw"], ["id", 1], ["LIMIT", 1]]
  ↳ app/models/user.rb:33
  [1m[36mUser Update (0.5ms)[0m  [1m[33mUPDATE "users" SET "session_token" = $1, "updated_at" = $2 WHERE "users"."id" = $3[0m  [["session_token", "LefwAPxB7Lzf_EvCV-gaaw"], ["updated_at", "2021-03-08 19:38:13.578798"], ["id", 1]]
  ↳ app/models/user.rb:33
  [1m[35m (0.6ms)[0m  [1m[35mCOMMIT[0m
  ↳ app/models/user.rb:33
Redirected to http://localhost:3000/session/new
Completed 302 Found in 8ms (ActiveRecord: 2.5ms)


Started GET "/session/new" for ::1 at 2021-03-08 11:38:13 -0800
Processing by SessionsController#new as HTML
  Rendering sessions/new.html.erb within layouts/application
  Rendered sessions/new.html.erb within layouts/application (0.7ms)
  [1m[36mUser Load (0.2ms)[0m  [1m[34mSELECT  "users".* FROM "users" WHERE "users"."session_token" IS NULL LIMIT $1[0m  [["LIMIT", 1]]
  ↳ app/controllers/application_controller.rb:12
  [1m[36mCACHE User Load (0.0ms)[0m  [1m[34mSELECT  "users".* FROM "users" WHERE "users"."session_token" IS NULL LIMIT $1[0m  [["LIMIT", 1]]
  ↳ app/controllers/application_controller.rb:12
Completed 200 OK in 26ms (Views: 24.9ms | ActiveRecord: 0.2ms)


Started GET "/users/new" for ::1 at 2021-03-08 11:38:15 -0800
Processing by UsersController#new as HTML
  Rendering users/new.html.erb within layouts/application
  Rendered users/new.html.erb within layouts/application (0.5ms)
  [1m[36mUser Load (0.3ms)[0m  [1m[34mSELECT  "users".* FROM "users" WHERE "users"."session_token" IS NULL LIMIT $1[0m  [["LIMIT", 1]]
  ↳ app/controllers/application_controller.rb:12
  [1m[36mCACHE User Load (0.0ms)[0m  [1m[34mSELECT  "users".* FROM "users" WHERE "users"."session_token" IS NULL LIMIT $1[0m  [["LIMIT", 1]]
  ↳ app/controllers/application_controller.rb:12
Completed 200 OK in 30ms (Views: 29.5ms | ActiveRecord: 0.3ms)


Started GET "/session/new" for ::1 at 2021-03-08 11:38:17 -0800
Processing by SessionsController#new as HTML
  Rendering sessions/new.html.erb within layouts/application
  Rendered sessions/new.html.erb within layouts/application (0.8ms)
  [1m[36mUser Load (0.2ms)[0m  [1m[34mSELECT  "users".* FROM "users" WHERE "users"."session_token" IS NULL LIMIT $1[0m  [["LIMIT", 1]]
  ↳ app/controllers/application_controller.rb:12
  [1m[36mCACHE User Load (0.0ms)[0m  [1m[34mSELECT  "users".* FROM "users" WHERE "users"."session_token" IS NULL LIMIT $1[0m  [["LIMIT", 1]]
  ↳ app/controllers/application_controller.rb:12
Completed 200 OK in 27ms (Views: 25.7ms | ActiveRecord: 0.2ms)


Started GET "/users/new" for ::1 at 2021-03-08 11:38:18 -0800
Processing by UsersController#new as HTML
  Rendering users/new.html.erb within layouts/application
  Rendered users/new.html.erb within layouts/application (0.5ms)
  [1m[36mUser Load (0.2ms)[0m  [1m[34mSELECT  "users".* FROM "users" WHERE "users"."session_token" IS NULL LIMIT $1[0m  [["LIMIT", 1]]
  ↳ app/controllers/application_controller.rb:12
  [1m[36mCACHE User Load (0.0ms)[0m  [1m[34mSELECT  "users".* FROM "users" WHERE "users"."session_token" IS NULL LIMIT $1[0m  [["LIMIT", 1]]
  ↳ app/controllers/application_controller.rb:12
Completed 200 OK in 24ms (Views: 23.0ms | ActiveRecord: 0.2ms)


Started GET "/session/new" for ::1 at 2021-03-08 11:38:19 -0800
Processing by SessionsController#new as HTML
  Rendering sessions/new.html.erb within layouts/application
  Rendered sessions/new.html.erb within layouts/application (0.8ms)
  [1m[36mUser Load (0.3ms)[0m  [1m[34mSELECT  "users".* FROM "users" WHERE "users"."session_token" IS NULL LIMIT $1[0m  [["LIMIT", 1]]
  ↳ app/controllers/application_controller.rb:12
  [1m[36mCACHE User Load (0.0ms)[0m  [1m[34mSELECT  "users".* FROM "users" WHERE "users"."session_token" IS NULL LIMIT $1[0m  [["LIMIT", 1]]
  ↳ app/controllers/application_controller.rb:12
Completed 200 OK in 28ms (Views: 27.0ms | ActiveRecord: 0.3ms)


Started GET "/users/new" for ::1 at 2021-03-08 11:38:20 -0800
Processing by UsersController#new as HTML
  Rendering users/new.html.erb within layouts/application
  Rendered users/new.html.erb within layouts/application (0.7ms)
  [1m[36mUser Load (0.2ms)[0m  [1m[34mSELECT  "users".* FROM "users" WHERE "users"."session_token" IS NULL LIMIT $1[0m  [["LIMIT", 1]]
  ↳ app/controllers/application_controller.rb:12
  [1m[36mCACHE User Load (0.0ms)[0m  [1m[34mSELECT  "users".* FROM "users" WHERE "users"."session_token" IS NULL LIMIT $1[0m  [["LIMIT", 1]]
  ↳ app/controllers/application_controller.rb:12
Completed 200 OK in 26ms (Views: 25.0ms | ActiveRecord: 0.2ms)


Started GET "/session/new" for ::1 at 2021-03-08 11:38:21 -0800
Processing by SessionsController#new as HTML
  Rendering sessions/new.html.erb within layouts/application
  Rendered sessions/new.html.erb within layouts/application (0.6ms)
  [1m[36mUser Load (0.2ms)[0m  [1m[34mSELECT  "users".* FROM "users" WHERE "users"."session_token" IS NULL LIMIT $1[0m  [["LIMIT", 1]]
  ↳ app/controllers/application_controller.rb:12
  [1m[36mCACHE User Load (0.0ms)[0m  [1m[34mSELECT  "users".* FROM "users" WHERE "users"."session_token" IS NULL LIMIT $1[0m  [["LIMIT", 1]]
  ↳ app/controllers/application_controller.rb:12
Completed 200 OK in 25ms (Views: 24.0ms | ActiveRecord: 0.2ms)


Started GET "/users/new" for ::1 at 2021-03-08 11:38:22 -0800
Processing by UsersController#new as HTML
  Rendering users/new.html.erb within layouts/application
  Rendered users/new.html.erb within layouts/application (0.5ms)
  [1m[36mUser Load (0.3ms)[0m  [1m[34mSELECT  "users".* FROM "users" WHERE "users"."session_token" IS NULL LIMIT $1[0m  [["LIMIT", 1]]
  ↳ app/controllers/application_controller.rb:12
  [1m[36mCACHE User Load (0.0ms)[0m  [1m[34mSELECT  "users".* FROM "users" WHERE "users"."session_token" IS NULL LIMIT $1[0m  [["LIMIT", 1]]
  ↳ app/controllers/application_controller.rb:12
Completed 200 OK in 27ms (Views: 25.8ms | ActiveRecord: 0.3ms)


