Started GET "/" for ::1 at 2020-10-08 16:36:51 -0700
DEPRECATION WARNING: ActiveRecord::Base.raise_in_transactional_callbacks= is deprecated, has no effect and will be removed without replacement. (called from block (3 levels) in <class:Railtie> at /Users/carlosgarciajr/.rbenv/versions/2.5.1/lib/ruby/gems/2.5.0/gems/activerecord-5.0.7.2/lib/active_record/railtie.rb:113)
Processing by StaticPagesController#index as HTML
  Rendering static_pages/index.html.erb within layouts/application
  Rendered shared/_main_nav.html.erb (0.3ms)
  Rendered shared/_masthead.html.erb (0.2ms)
  Rendered shared/_sections_nav.html.erb (0.2ms)
  Rendered shared/_search_modal.html.erb (0.2ms)
  Rendered shared/_main_content.html.erb (0.2ms)
  Rendered static_pages/index.html.erb within layouts/application (15.2ms)
Completed 200 OK in 362ms (Views: 358.9ms | ActiveRecord: 0.0ms)


Started GET "/assets/application.self-5e5b219656abf8c4e83f7dfd5e5f4f415d8fe2348d16620303a4ed96d1b5a144.css?body=1" for ::1 at 2020-10-08 16:36:52 -0700
Started GET "/" for ::1 at 2020-10-08 16:36:53 -0700
Processing by StaticPagesController#index as HTML
  Rendering static_pages/index.html.erb within layouts/application
  Rendered shared/_main_nav.html.erb (0.2ms)
  Rendered shared/_masthead.html.erb (0.2ms)
  Rendered shared/_sections_nav.html.erb (0.2ms)
  Rendered shared/_search_modal.html.erb (0.2ms)
  Rendered shared/_main_content.html.erb (0.1ms)
  Rendered static_pages/index.html.erb within layouts/application (13.2ms)
Completed 200 OK in 29ms (Views: 26.9ms | ActiveRecord: 0.0ms)


Started GET "/" for ::1 at 2020-10-08 16:37:17 -0700
Processing by StaticPagesController#index as HTML
  Rendering static_pages/index.html.erb within layouts/application
  Rendered shared/_main_nav.html.erb (0.2ms)
  Rendered shared/_masthead.html.erb (0.2ms)
  Rendered shared/_sections_nav.html.erb (0.2ms)
  Rendered shared/_search_modal.html.erb (0.2ms)
  Rendered shared/_main_content.html.erb (0.2ms)
  Rendered static_pages/index.html.erb within layouts/application (14.6ms)
Completed 200 OK in 35ms (Views: 31.8ms | ActiveRecord: 0.0ms)


Started GET "/" for ::1 at 2020-10-08 16:37:20 -0700
Processing by StaticPagesController#index as HTML
  Rendering static_pages/index.html.erb within layouts/application
  Rendered shared/_main_nav.html.erb (0.2ms)
  Rendered shared/_masthead.html.erb (0.2ms)
  Rendered shared/_sections_nav.html.erb (0.2ms)
  Rendered shared/_search_modal.html.erb (0.2ms)
  Rendered shared/_main_content.html.erb (0.2ms)
  Rendered static_pages/index.html.erb within layouts/application (12.8ms)
Completed 200 OK in 30ms (Views: 27.7ms | ActiveRecord: 0.0ms)


Started GET "/" for ::1 at 2020-10-09 09:59:50 -0700
DEPRECATION WARNING: ActiveRecord::Base.raise_in_transactional_callbacks= is deprecated, has no effect and will be removed without replacement. (called from block (3 levels) in <class:Railtie> at /Users/carlosgarciajr/.rbenv/versions/2.5.1/lib/ruby/gems/2.5.0/gems/activerecord-5.0.7.2/lib/active_record/railtie.rb:113)
Processing by StaticPagesController#index as HTML
  Rendering static_pages/index.html.erb within layouts/application
  Rendered shared/_main_nav.html.erb (0.3ms)
  Rendered shared/_masthead.html.erb (0.2ms)
  Rendered shared/_sections_nav.html.erb (0.2ms)
  Rendered shared/_search_modal.html.erb (0.2ms)
  Rendered shared/_main_content.html.erb (0.2ms)
  Rendered static_pages/index.html.erb within layouts/application (15.4ms)
Completed 200 OK in 353ms (Views: 350.1ms | ActiveRecord: 0.0ms)


Started GET "/assets/application.self-7aae4f884d21c0f895d0e25909b4a3857ca3f7bdd4412baf28bf32a8b1f558b1.css?body=1" for ::1 at 2020-10-09 09:59:51 -0700
Started GET "/" for ::1 at 2020-10-09 10:00:16 -0700
Processing by StaticPagesController#index as HTML
  Rendering static_pages/index.html.erb within layouts/application
  Rendered shared/_main_nav.html.erb (0.2ms)
  Rendered shared/_masthead.html.erb (0.2ms)
  Rendered shared/_sections_nav.html.erb (0.1ms)
  Rendered shared/_search_modal.html.erb (0.2ms)
  Rendered shared/_main_content.html.erb (0.4ms)
  Rendered static_pages/index.html.erb within layouts/application (12.9ms)
Completed 200 OK in 34ms (Views: 30.5ms | ActiveRecord: 0.0ms)


Started GET "/assets/new_office.jpg" for ::1 at 2020-10-09 10:00:16 -0700
Started GET "/" for ::1 at 2020-10-09 10:03:51 -0700
Processing by StaticPagesController#index as HTML
  Rendering static_pages/index.html.erb within layouts/application
  Rendered shared/_main_nav.html.erb (0.2ms)
  Rendered shared/_masthead.html.erb (0.2ms)
  Rendered shared/_sections_nav.html.erb (0.3ms)
  Rendered shared/_search_modal.html.erb (0.2ms)
  Rendered shared/_main_content.html.erb (0.3ms)
  Rendered static_pages/index.html.erb within layouts/application (13.1ms)
Completed 200 OK in 109ms (Views: 104.9ms | ActiveRecord: 0.0ms)


Started GET "/assets/application.self-e229079662ba64eec2df88cc9898f07a6b5005419aa37c928d3d684a6d58d3e4.css?body=1" for ::1 at 2020-10-09 10:03:51 -0700
Started GET "/assets/new_office.jpg" for ::1 at 2020-10-09 10:03:51 -0700
Started GET "/" for ::1 at 2020-10-12 13:48:14 -0700
DEPRECATION WARNING: ActiveRecord::Base.raise_in_transactional_callbacks= is deprecated, has no effect and will be removed without replacement. (called from block (3 levels) in <class:Railtie> at /Users/carlosgarciajr/.rbenv/versions/2.5.1/lib/ruby/gems/2.5.0/gems/activerecord-5.0.7.2/lib/active_record/railtie.rb:113)
Processing by StaticPagesController#index as HTML
  Rendering static_pages/index.html.erb within layouts/application
  Rendered shared/_main_nav.html.erb (0.2ms)
  Rendered shared/_masthead.html.erb (0.1ms)
  Rendered shared/_sections_nav.html.erb (0.1ms)
  Rendered shared/_search_modal.html.erb (0.2ms)
  Rendered shared/_main_content.html.erb (0.3ms)
  Rendered static_pages/index.html.erb within layouts/application (14.5ms)
Completed 500 Internal Server Error in 194ms (ActiveRecord: 0.0ms)



Sass::SyntaxError - File to import not found or unreadable: base/grid.scss.
Load paths:
  /Users/carlosgarciajr/Documents/programming/app_academy_work/curriculum/html-css/projects/aa_times/skeleton/app/assets/images
  /Users/carlosgarciajr/Documents/programming/app_academy_work/curriculum/html-css/projects/aa_times/skeleton/app/assets/javascripts
  /Users/carlosgarciajr/Documents/programming/app_academy_work/curriculum/html-css/projects/aa_times/skeleton/app/assets/stylesheets
  /Users/carlosgarciajr/Documents/programming/app_academy_work/curriculum/html-css/projects/aa_times/skeleton/vendor/assets/javascripts
  /Users/carlosgarciajr/Documents/programming/app_academy_work/curriculum/html-css/projects/aa_times/skeleton/vendor/assets/stylesheets
  /Users/carlosgarciajr/.rbenv/versions/2.5.1/lib/ruby/gems/2.5.0/gems/jquery-rails-4.4.0/vendor/assets/javascripts
  /Users/carlosgarciajr/.rbenv/versions/2.5.1/lib/ruby/gems/2.5.0/gems/coffee-rails-4.2.2/lib/assets/javascripts
  /Users/carlosgarciajr/.rbenv/versions/2.5.1/lib/ruby/gems/2.5.0/gems/actioncable-5.0.7.2/lib/assets/compiled:
  app/views/layouts/application.html.erb:7:in `_app_views_layouts_application_html_erb___270333905406359367_70279989431840'

Started POST "/__better_errors/927a171e4587d656/variables" for ::1 at 2020-10-12 13:48:14 -0700
Started GET "/" for ::1 at 2020-10-12 13:48:41 -0700
Processing by StaticPagesController#index as HTML
  Rendering static_pages/index.html.erb within layouts/application
  Rendered shared/_main_nav.html.erb (0.2ms)
  Rendered shared/_masthead.html.erb (0.1ms)
  Rendered shared/_sections_nav.html.erb (0.3ms)
  Rendered shared/_search_modal.html.erb (0.3ms)
  Rendered shared/_main_content.html.erb (0.2ms)
  Rendered static_pages/index.html.erb within layouts/application (12.8ms)
Completed 200 OK in 110ms (Views: 107.4ms | ActiveRecord: 0.0ms)


Started GET "/assets/application.self-1237ad35a9ee79bd64030d4638d1fd80f6734c490eb538e0dd01d7af3c16bf40.css?body=1" for ::1 at 2020-10-12 13:48:41 -0700
Started GET "/" for ::1 at 2020-10-12 13:48:43 -0700
Processing by StaticPagesController#index as HTML
  Rendering static_pages/index.html.erb within layouts/application
  Rendered shared/_main_nav.html.erb (0.2ms)
  Rendered shared/_masthead.html.erb (0.2ms)
  Rendered shared/_sections_nav.html.erb (0.2ms)
  Rendered shared/_search_modal.html.erb (0.2ms)
  Rendered shared/_main_content.html.erb (0.2ms)
  Rendered static_pages/index.html.erb within layouts/application (13.1ms)
Completed 200 OK in 33ms (Views: 29.9ms | ActiveRecord: 0.0ms)


Started GET "/" for ::1 at 2020-10-12 13:55:52 -0700
DEPRECATION WARNING: ActiveRecord::Base.raise_in_transactional_callbacks= is deprecated, has no effect and will be removed without replacement. (called from block (3 levels) in <class:Railtie> at /Users/carlosgarciajr/.rbenv/versions/2.5.1/lib/ruby/gems/2.5.0/gems/activerecord-5.0.7.2/lib/active_record/railtie.rb:113)
Processing by StaticPagesController#index as HTML
  Rendering static_pages/index.html.erb within layouts/application
  Rendered shared/_main_nav.html.erb (0.2ms)
  Rendered shared/_masthead.html.erb (0.1ms)
  Rendered shared/_sections_nav.html.erb (0.3ms)
  Rendered shared/_search_modal.html.erb (0.2ms)
  Rendered shared/_main_content.html.erb (0.3ms)
  Rendered static_pages/index.html.erb within layouts/application (14.6ms)
Completed 200 OK in 257ms (Views: 254.8ms | ActiveRecord: 0.0ms)


Started GET "/assets/application.self-758afe40c177e32f890a8b8e23f11571b5d1785af915c0789bd6a19191afc6ab.css?body=1" for ::1 at 2020-10-12 13:55:52 -0700
Started GET "/assets/new_office.jpg" for ::1 at 2020-10-12 13:55:52 -0700
Started GET "/" for ::1 at 2020-10-12 13:56:32 -0700
Processing by StaticPagesController#index as HTML
  Rendering static_pages/index.html.erb within layouts/application
  Rendered shared/_main_nav.html.erb (0.1ms)
  Rendered shared/_masthead.html.erb (0.2ms)
  Rendered shared/_sections_nav.html.erb (0.1ms)
  Rendered shared/_search_modal.html.erb (0.3ms)
  Rendered shared/_main_content.html.erb (0.3ms)
  Rendered static_pages/index.html.erb within layouts/application (12.3ms)
Completed 200 OK in 75ms (Views: 72.8ms | ActiveRecord: 0.0ms)


Started GET "/assets/application.self-e229079662ba64eec2df88cc9898f07a6b5005419aa37c928d3d684a6d58d3e4.css?body=1" for ::1 at 2020-10-12 13:56:32 -0700
Started GET "/assets/new_office.jpg" for ::1 at 2020-10-12 13:56:32 -0700
Started GET "/" for ::1 at 2020-10-12 13:56:33 -0700
Processing by StaticPagesController#index as HTML
  Rendering static_pages/index.html.erb within layouts/application
  Rendered shared/_main_nav.html.erb (0.2ms)
  Rendered shared/_masthead.html.erb (0.2ms)
  Rendered shared/_sections_nav.html.erb (0.2ms)
  Rendered shared/_search_modal.html.erb (0.2ms)
  Rendered shared/_main_content.html.erb (0.2ms)
  Rendered static_pages/index.html.erb within layouts/application (12.9ms)
Completed 200 OK in 34ms (Views: 31.3ms | ActiveRecord: 0.0ms)


Started GET "/assets/new_office.jpg" for ::1 at 2020-10-12 13:56:33 -0700
Started GET "/" for ::1 at 2020-10-12 13:57:15 -0700
Processing by StaticPagesController#index as HTML
  Rendering static_pages/index.html.erb within layouts/application
  Rendered shared/_main_nav.html.erb (0.2ms)
  Rendered shared/_masthead.html.erb (0.2ms)
  Rendered shared/_sections_nav.html.erb (0.2ms)
  Rendered shared/_search_modal.html.erb (0.2ms)
  Rendered shared/_main_content.html.erb (0.3ms)
  Rendered static_pages/index.html.erb within layouts/application (12.6ms)
Completed 200 OK in 92ms (Views: 88.2ms | ActiveRecord: 0.0ms)


Started GET "/assets/application.self-7aae4f884d21c0f895d0e25909b4a3857ca3f7bdd4412baf28bf32a8b1f558b1.css?body=1" for ::1 at 2020-10-12 13:57:15 -0700
Started GET "/assets/new_office.jpg" for ::1 at 2020-10-12 13:57:15 -0700
Started GET "/" for ::1 at 2021-03-04 10:09:26 -0800
DEPRECATION WARNING: ActiveRecord::Base.raise_in_transactional_callbacks= is deprecated, has no effect and will be removed without replacement. (called from block (3 levels) in <class:Railtie> at /Users/terrythind/.rbenv/versions/2.5.1/lib/ruby/gems/2.5.0/gems/activerecord-5.0.7.2/lib/active_record/railtie.rb:113)
Processing by StaticPagesController#index as HTML
  Rendering static_pages/index.html.erb within layouts/application
  Rendered shared/_main_nav.html.erb (0.3ms)
  Rendered shared/_masthead.html.erb (0.4ms)
  Rendered shared/_sections_nav.html.erb (0.3ms)
  Rendered shared/_search_modal.html.erb (0.3ms)
  Rendered shared/_main_content.html.erb (0.3ms)
  Rendered static_pages/index.html.erb within layouts/application (17.4ms)
Completed 200 OK in 532ms (Views: 527.3ms | ActiveRecord: 0.0ms)


Started GET "/assets/application.self-9be1ccb2f0ad9e187497180074f641e68a154dc754cb52068e36e156ebb95558.css?body=1" for ::1 at 2021-03-04 10:09:27 -0800
Started GET "/assets/jquery.self-bd7ddd393353a8d2480a622e80342adf488fb6006d667e8b42e4c0073393abee.js?body=1" for ::1 at 2021-03-04 10:09:27 -0800
Started GET "/assets/components/sidebar.self-2a1277f850a6fa21e1a974ef5152f177ac05516477d5081d593bb137b3d6808b.js?body=1" for ::1 at 2021-03-04 10:09:27 -0800
Started GET "/assets/application.self-f571b9db02bf4ed04c38a6a29072ac382f7d4f47db1fab9817aeadb0d8665235.js?body=1" for ::1 at 2021-03-04 10:09:27 -0800
Started GET "/assets/components/modal.self-52188644dbb47def5ee35ae02e69eb567ca9b664472357a8a5789dd39032a265.js?body=1" for ::1 at 2021-03-04 10:09:27 -0800
Started GET "/assets/jquery_ujs.self-784a997f6726036b1993eb2217c9cb558e1cbb801c6da88105588c56f13b466a.js?body=1" for ::1 at 2021-03-04 10:09:27 -0800
Started GET "/assets/application.self-9be1ccb2f0ad9e187497180074f641e68a154dc754cb52068e36e156ebb95558.css?body=1&livereload=1614881715297" for ::1 at 2021-03-04 10:15:15 -0800
Started GET "/assets/application.self-9be1ccb2f0ad9e187497180074f641e68a154dc754cb52068e36e156ebb95558.css?body=1&livereload=1614881715298" for ::1 at 2021-03-04 10:15:15 -0800
Started GET "/assets/application.self-9be1ccb2f0ad9e187497180074f641e68a154dc754cb52068e36e156ebb95558.css?body=1&livereload=1614881724614" for ::1 at 2021-03-04 10:15:24 -0800
Started GET "/assets/application.self-9be1ccb2f0ad9e187497180074f641e68a154dc754cb52068e36e156ebb95558.css?body=1&livereload=1614881724615" for ::1 at 2021-03-04 10:15:24 -0800
Started GET "/assets/application.self-9be1ccb2f0ad9e187497180074f641e68a154dc754cb52068e36e156ebb95558.css?body=1&livereload=1614881731042" for ::1 at 2021-03-04 10:15:31 -0800
Started GET "/assets/application.self-9be1ccb2f0ad9e187497180074f641e68a154dc754cb52068e36e156ebb95558.css?body=1&livereload=1614881731043" for ::1 at 2021-03-04 10:15:31 -0800
Started GET "/assets/application.self-9be1ccb2f0ad9e187497180074f641e68a154dc754cb52068e36e156ebb95558.css?body=1&livereload=1614881733824" for ::1 at 2021-03-04 10:15:33 -0800
Started GET "/assets/application.self-9be1ccb2f0ad9e187497180074f641e68a154dc754cb52068e36e156ebb95558.css?body=1&livereload=1614881733826" for ::1 at 2021-03-04 10:15:33 -0800
Started GET "/assets/application.self-9be1ccb2f0ad9e187497180074f641e68a154dc754cb52068e36e156ebb95558.css?body=1&livereload=1614881747604" for ::1 at 2021-03-04 10:15:47 -0800
Started GET "/assets/application.self-9be1ccb2f0ad9e187497180074f641e68a154dc754cb52068e36e156ebb95558.css?body=1&livereload=1614881747606" for ::1 at 2021-03-04 10:15:47 -0800
Started GET "/assets/application.self-9be1ccb2f0ad9e187497180074f641e68a154dc754cb52068e36e156ebb95558.css?body=1&livereload=1614881751061" for ::1 at 2021-03-04 10:15:51 -0800
Started GET "/assets/application.self-9be1ccb2f0ad9e187497180074f641e68a154dc754cb52068e36e156ebb95558.css?body=1&livereload=1614881751062" for ::1 at 2021-03-04 10:15:51 -0800
Started GET "/assets/application.self-9be1ccb2f0ad9e187497180074f641e68a154dc754cb52068e36e156ebb95558.css?body=1&livereload=1614881752457" for ::1 at 2021-03-04 10:15:52 -0800
Started GET "/assets/application.self-9be1ccb2f0ad9e187497180074f641e68a154dc754cb52068e36e156ebb95558.css?body=1&livereload=1614881752458" for ::1 at 2021-03-04 10:15:52 -0800
Started GET "/assets/application.self-9be1ccb2f0ad9e187497180074f641e68a154dc754cb52068e36e156ebb95558.css?body=1&livereload=1614881756278" for ::1 at 2021-03-04 10:15:56 -0800
Started GET "/assets/application.self-9be1ccb2f0ad9e187497180074f641e68a154dc754cb52068e36e156ebb95558.css?body=1&livereload=1614881756280" for ::1 at 2021-03-04 10:15:56 -0800
Started GET "/assets/application.self-9be1ccb2f0ad9e187497180074f641e68a154dc754cb52068e36e156ebb95558.css?body=1&livereload=1614881757399" for ::1 at 2021-03-04 10:15:57 -0800
Started GET "/assets/application.self-9be1ccb2f0ad9e187497180074f641e68a154dc754cb52068e36e156ebb95558.css?body=1&livereload=1614881757400" for ::1 at 2021-03-04 10:15:57 -0800
Started GET "/assets/application.self-9be1ccb2f0ad9e187497180074f641e68a154dc754cb52068e36e156ebb95558.css?body=1&livereload=1614881767109" for ::1 at 2021-03-04 10:16:07 -0800
Started GET "/assets/application.self-9be1ccb2f0ad9e187497180074f641e68a154dc754cb52068e36e156ebb95558.css?body=1&livereload=1614881767111" for ::1 at 2021-03-04 10:16:07 -0800
Started GET "/assets/application.self-9be1ccb2f0ad9e187497180074f641e68a154dc754cb52068e36e156ebb95558.css?body=1&livereload=1614881769819" for ::1 at 2021-03-04 10:16:09 -0800
Started GET "/assets/application.self-9be1ccb2f0ad9e187497180074f641e68a154dc754cb52068e36e156ebb95558.css?body=1&livereload=1614881769821" for ::1 at 2021-03-04 10:16:09 -0800
Started GET "/assets/application.self-9be1ccb2f0ad9e187497180074f641e68a154dc754cb52068e36e156ebb95558.css?body=1&livereload=1614881818713" for ::1 at 2021-03-04 10:16:58 -0800
Started GET "/assets/application.self-9be1ccb2f0ad9e187497180074f641e68a154dc754cb52068e36e156ebb95558.css?body=1&livereload=1614881818714" for ::1 at 2021-03-04 10:16:58 -0800
Started GET "/assets/application.self-9be1ccb2f0ad9e187497180074f641e68a154dc754cb52068e36e156ebb95558.css?body=1&livereload=1614881823192" for ::1 at 2021-03-04 10:17:03 -0800
Started GET "/assets/application.self-9be1ccb2f0ad9e187497180074f641e68a154dc754cb52068e36e156ebb95558.css?body=1&livereload=1614881823194" for ::1 at 2021-03-04 10:17:03 -0800
Started GET "/assets/application.self-9be1ccb2f0ad9e187497180074f641e68a154dc754cb52068e36e156ebb95558.css?body=1&livereload=1614881837001" for ::1 at 2021-03-04 10:17:17 -0800
Started GET "/assets/application.self-9be1ccb2f0ad9e187497180074f641e68a154dc754cb52068e36e156ebb95558.css?body=1&livereload=1614881837002" for ::1 at 2021-03-04 10:17:17 -0800
Started GET "/assets/application.self-9be1ccb2f0ad9e187497180074f641e68a154dc754cb52068e36e156ebb95558.css?body=1&livereload=1614881839991" for ::1 at 2021-03-04 10:17:19 -0800
Started GET "/assets/application.self-9be1ccb2f0ad9e187497180074f641e68a154dc754cb52068e36e156ebb95558.css?body=1&livereload=1614881839992" for ::1 at 2021-03-04 10:17:19 -0800
Started GET "/assets/application.self-9be1ccb2f0ad9e187497180074f641e68a154dc754cb52068e36e156ebb95558.css?body=1&livereload=1614881849129" for ::1 at 2021-03-04 10:17:29 -0800
Started GET "/assets/application.self-9be1ccb2f0ad9e187497180074f641e68a154dc754cb52068e36e156ebb95558.css?body=1&livereload=1614881849130" for ::1 at 2021-03-04 10:17:29 -0800
Started GET "/assets/application.self-9be1ccb2f0ad9e187497180074f641e68a154dc754cb52068e36e156ebb95558.css?body=1&livereload=1614881863137" for ::1 at 2021-03-04 10:17:43 -0800
Started GET "/assets/application.self-9be1ccb2f0ad9e187497180074f641e68a154dc754cb52068e36e156ebb95558.css?body=1&livereload=1614881863138" for ::1 at 2021-03-04 10:17:43 -0800
Started GET "/assets/application.self-9be1ccb2f0ad9e187497180074f641e68a154dc754cb52068e36e156ebb95558.css?body=1&livereload=1614881872731" for ::1 at 2021-03-04 10:17:52 -0800
Started GET "/assets/application.self-9be1ccb2f0ad9e187497180074f641e68a154dc754cb52068e36e156ebb95558.css?body=1&livereload=1614881872732" for ::1 at 2021-03-04 10:17:52 -0800
Started GET "/assets/application.self-9be1ccb2f0ad9e187497180074f641e68a154dc754cb52068e36e156ebb95558.css?body=1&livereload=1614881875602" for ::1 at 2021-03-04 10:17:55 -0800
Started GET "/assets/application.self-9be1ccb2f0ad9e187497180074f641e68a154dc754cb52068e36e156ebb95558.css?body=1&livereload=1614881875603" for ::1 at 2021-03-04 10:17:55 -0800
Started GET "/assets/application.self-9be1ccb2f0ad9e187497180074f641e68a154dc754cb52068e36e156ebb95558.css?body=1&livereload=1614881902318" for ::1 at 2021-03-04 10:18:22 -0800
Started GET "/assets/application.self-9be1ccb2f0ad9e187497180074f641e68a154dc754cb52068e36e156ebb95558.css?body=1&livereload=1614881902318&livereload=1614881902318" for ::1 at 2021-03-04 10:18:22 -0800
Started GET "/assets/application.self-9be1ccb2f0ad9e187497180074f641e68a154dc754cb52068e36e156ebb95558.css?body=1&livereload=1614881914614&livereload=1614881902318" for ::1 at 2021-03-04 10:18:34 -0800
Started GET "/assets/application.self-9be1ccb2f0ad9e187497180074f641e68a154dc754cb52068e36e156ebb95558.css?body=1&livereload=1614881914619&livereload=1614881902318" for ::1 at 2021-03-04 10:18:34 -0800
Started GET "/assets/application.self-9be1ccb2f0ad9e187497180074f641e68a154dc754cb52068e36e156ebb95558.css?body=1&livereload=1614881916198&livereload=1614881902318" for ::1 at 2021-03-04 10:18:36 -0800
Started GET "/assets/application.self-9be1ccb2f0ad9e187497180074f641e68a154dc754cb52068e36e156ebb95558.css?body=1&livereload=1614881916199&livereload=1614881902318" for ::1 at 2021-03-04 10:18:36 -0800
Started GET "/" for ::1 at 2021-03-04 10:19:17 -0800
Processing by StaticPagesController#index as HTML
  Rendering static_pages/index.html.erb within layouts/application
  Rendered shared/_main_nav.html.erb (0.3ms)
  Rendered shared/_masthead.html.erb (0.4ms)
  Rendered shared/_sections_nav.html.erb (0.3ms)
  Rendered shared/_search_modal.html.erb (0.2ms)
  Rendered shared/_main_content.html.erb (0.2ms)
  Rendered static_pages/index.html.erb within layouts/application (15.2ms)
Completed 500 Internal Server Error in 44ms (ActiveRecord: 0.0ms)



Sass::SyntaxError - Invalid CSS after "  list-style:": expected expression (e.g. 1px, bold), was "}":
  app/views/layouts/application.html.erb:7:in `_app_views_layouts_application_html_erb___1999593338327572735_70102722212260'

Started POST "/__better_errors/60cbce0b0e69068e/variables" for ::1 at 2021-03-04 10:19:17 -0800
Started GET "/" for ::1 at 2021-03-04 10:19:53 -0800
Processing by StaticPagesController#index as HTML
  Rendering static_pages/index.html.erb within layouts/application
  Rendered shared/_main_nav.html.erb (0.3ms)
  Rendered shared/_masthead.html.erb (0.4ms)
  Rendered shared/_sections_nav.html.erb (0.4ms)
  Rendered shared/_search_modal.html.erb (0.3ms)
  Rendered shared/_main_content.html.erb (0.8ms)
  Rendered static_pages/index.html.erb within layouts/application (17.4ms)
Completed 200 OK in 119ms (Views: 115.7ms | ActiveRecord: 0.0ms)


Started GET "/assets/application.self-7a5c5858f2dad3b6ae8033f022033fe01b10b147e2e77a16c4591d5dc4e678f3.css?body=1" for ::1 at 2021-03-04 10:19:53 -0800
Started GET "/assets/application.self-7a5c5858f2dad3b6ae8033f022033fe01b10b147e2e77a16c4591d5dc4e678f3.css?body=1&livereload=1614882027804" for ::1 at 2021-03-04 10:20:27 -0800
Started GET "/assets/application.self-7a5c5858f2dad3b6ae8033f022033fe01b10b147e2e77a16c4591d5dc4e678f3.css?body=1&livereload=1614882027805" for ::1 at 2021-03-04 10:20:27 -0800
Started GET "/assets/application.self-7a5c5858f2dad3b6ae8033f022033fe01b10b147e2e77a16c4591d5dc4e678f3.css?body=1&livereload=1614882031438" for ::1 at 2021-03-04 10:20:31 -0800
Started GET "/assets/application.self-7a5c5858f2dad3b6ae8033f022033fe01b10b147e2e77a16c4591d5dc4e678f3.css?body=1&livereload=1614882031440" for ::1 at 2021-03-04 10:20:31 -0800
Started GET "/assets/application.self-7a5c5858f2dad3b6ae8033f022033fe01b10b147e2e77a16c4591d5dc4e678f3.css?body=1&livereload=1614882056129" for ::1 at 2021-03-04 10:20:56 -0800
Started GET "/assets/application.self-7a5c5858f2dad3b6ae8033f022033fe01b10b147e2e77a16c4591d5dc4e678f3.css?body=1&livereload=1614882056130" for ::1 at 2021-03-04 10:20:56 -0800
Started GET "/assets/application.self-7a5c5858f2dad3b6ae8033f022033fe01b10b147e2e77a16c4591d5dc4e678f3.css?body=1&livereload=1614882059663" for ::1 at 2021-03-04 10:20:59 -0800
Started GET "/assets/application.self-7a5c5858f2dad3b6ae8033f022033fe01b10b147e2e77a16c4591d5dc4e678f3.css?body=1&livereload=1614882059664" for ::1 at 2021-03-04 10:20:59 -0800
Started GET "/assets/application.self-7a5c5858f2dad3b6ae8033f022033fe01b10b147e2e77a16c4591d5dc4e678f3.css?body=1&livereload=1614882062444" for ::1 at 2021-03-04 10:21:02 -0800
Started GET "/assets/application.self-7a5c5858f2dad3b6ae8033f022033fe01b10b147e2e77a16c4591d5dc4e678f3.css?body=1&livereload=1614882062445" for ::1 at 2021-03-04 10:21:02 -0800
Started GET "/assets/application.self-7a5c5858f2dad3b6ae8033f022033fe01b10b147e2e77a16c4591d5dc4e678f3.css?body=1&livereload=1614882064686" for ::1 at 2021-03-04 10:21:04 -0800
Started GET "/assets/application.self-7a5c5858f2dad3b6ae8033f022033fe01b10b147e2e77a16c4591d5dc4e678f3.css?body=1&livereload=1614882064686&livereload=1614882064686" for ::1 at 2021-03-04 10:21:04 -0800
Started GET "/assets/application.self-7a5c5858f2dad3b6ae8033f022033fe01b10b147e2e77a16c4591d5dc4e678f3.css?body=1&livereload=1614882069349&livereload=1614882064686" for ::1 at 2021-03-04 10:21:09 -0800
Started GET "/assets/application.self-7a5c5858f2dad3b6ae8033f022033fe01b10b147e2e77a16c4591d5dc4e678f3.css?body=1&livereload=1614882069350&livereload=1614882064686" for ::1 at 2021-03-04 10:21:09 -0800
Started GET "/assets/application.self-7a5c5858f2dad3b6ae8033f022033fe01b10b147e2e77a16c4591d5dc4e678f3.css?body=1&livereload=1614882070930&livereload=1614882064686" for ::1 at 2021-03-04 10:21:10 -0800
Started GET "/assets/application.self-7a5c5858f2dad3b6ae8033f022033fe01b10b147e2e77a16c4591d5dc4e678f3.css?body=1&livereload=1614882070931&livereload=1614882064686" for ::1 at 2021-03-04 10:21:10 -0800
Started GET "/assets/application.self-7a5c5858f2dad3b6ae8033f022033fe01b10b147e2e77a16c4591d5dc4e678f3.css?body=1&livereload=1614882076509&livereload=1614882064686" for ::1 at 2021-03-04 10:21:16 -0800
Started GET "/assets/application.self-7a5c5858f2dad3b6ae8033f022033fe01b10b147e2e77a16c4591d5dc4e678f3.css?body=1&livereload=1614882076510&livereload=1614882064686" for ::1 at 2021-03-04 10:21:16 -0800
Started GET "/" for ::1 at 2021-03-04 10:21:26 -0800
Processing by StaticPagesController#index as HTML
  Rendering static_pages/index.html.erb within layouts/application
  Rendered shared/_main_nav.html.erb (0.3ms)
  Rendered shared/_masthead.html.erb (0.3ms)
  Rendered shared/_sections_nav.html.erb (0.2ms)
  Rendered shared/_search_modal.html.erb (0.2ms)
  Rendered shared/_main_content.html.erb (0.2ms)
  Rendered static_pages/index.html.erb within layouts/application (13.0ms)
Completed 200 OK in 39ms (Views: 36.3ms | ActiveRecord: 0.0ms)


Started GET "/assets/application.self-3f57443b33066bd908634ba026821bfecd002a35387cf289a9307ed2e63dda52.css?body=1" for ::1 at 2021-03-04 10:21:26 -0800
Started GET "/assets/application.self-3f57443b33066bd908634ba026821bfecd002a35387cf289a9307ed2e63dda52.css?body=1&livereload=1614882105249" for ::1 at 2021-03-04 10:21:45 -0800
Started GET "/assets/application.self-3f57443b33066bd908634ba026821bfecd002a35387cf289a9307ed2e63dda52.css?body=1&livereload=1614882105250" for ::1 at 2021-03-04 10:21:45 -0800
Started GET "/assets/application.self-3f57443b33066bd908634ba026821bfecd002a35387cf289a9307ed2e63dda52.css?body=1&livereload=1614882107111" for ::1 at 2021-03-04 10:21:47 -0800
Started GET "/assets/application.self-3f57443b33066bd908634ba026821bfecd002a35387cf289a9307ed2e63dda52.css?body=1&livereload=1614882107112" for ::1 at 2021-03-04 10:21:47 -0800
Started GET "/assets/application.self-3f57443b33066bd908634ba026821bfecd002a35387cf289a9307ed2e63dda52.css?body=1&livereload=1614882117098" for ::1 at 2021-03-04 10:21:57 -0800
Started GET "/assets/application.self-3f57443b33066bd908634ba026821bfecd002a35387cf289a9307ed2e63dda52.css?body=1&livereload=1614882117099" for ::1 at 2021-03-04 10:21:57 -0800
Started GET "/assets/application.self-3f57443b33066bd908634ba026821bfecd002a35387cf289a9307ed2e63dda52.css?body=1&livereload=1614882118398" for ::1 at 2021-03-04 10:21:58 -0800
Started GET "/assets/application.self-3f57443b33066bd908634ba026821bfecd002a35387cf289a9307ed2e63dda52.css?body=1&livereload=1614882118399" for ::1 at 2021-03-04 10:21:58 -0800
Started GET "/assets/application.self-3f57443b33066bd908634ba026821bfecd002a35387cf289a9307ed2e63dda52.css?body=1&livereload=1614882127716" for ::1 at 2021-03-04 10:22:07 -0800
Started GET "/assets/application.self-3f57443b33066bd908634ba026821bfecd002a35387cf289a9307ed2e63dda52.css?body=1&livereload=1614882127717" for ::1 at 2021-03-04 10:22:07 -0800
Started GET "/assets/application.self-3f57443b33066bd908634ba026821bfecd002a35387cf289a9307ed2e63dda52.css?body=1&livereload=1614882157942" for ::1 at 2021-03-04 10:22:37 -0800
Started GET "/assets/application.self-3f57443b33066bd908634ba026821bfecd002a35387cf289a9307ed2e63dda52.css?body=1&livereload=1614882157943" for ::1 at 2021-03-04 10:22:37 -0800
Started GET "/assets/application.self-3f57443b33066bd908634ba026821bfecd002a35387cf289a9307ed2e63dda52.css?body=1&livereload=1614882208002" for ::1 at 2021-03-04 10:23:28 -0800
Started GET "/assets/application.self-3f57443b33066bd908634ba026821bfecd002a35387cf289a9307ed2e63dda52.css?body=1&livereload=1614882208003" for ::1 at 2021-03-04 10:23:28 -0800
Started GET "/assets/application.self-3f57443b33066bd908634ba026821bfecd002a35387cf289a9307ed2e63dda52.css?body=1&livereload=1614882260712" for ::1 at 2021-03-04 10:24:20 -0800
Started GET "/assets/application.self-3f57443b33066bd908634ba026821bfecd002a35387cf289a9307ed2e63dda52.css?body=1&livereload=1614882260714" for ::1 at 2021-03-04 10:24:20 -0800
Started GET "/assets/application.self-3f57443b33066bd908634ba026821bfecd002a35387cf289a9307ed2e63dda52.css?body=1&livereload=1614882262107" for ::1 at 2021-03-04 10:24:22 -0800
Started GET "/assets/application.self-3f57443b33066bd908634ba026821bfecd002a35387cf289a9307ed2e63dda52.css?body=1&livereload=1614882262109" for ::1 at 2021-03-04 10:24:22 -0800
Started GET "/assets/application.self-3f57443b33066bd908634ba026821bfecd002a35387cf289a9307ed2e63dda52.css?body=1&livereload=1614882263777" for ::1 at 2021-03-04 10:24:23 -0800
Started GET "/assets/application.self-3f57443b33066bd908634ba026821bfecd002a35387cf289a9307ed2e63dda52.css?body=1&livereload=1614882263778" for ::1 at 2021-03-04 10:24:23 -0800
Started GET "/assets/application.self-3f57443b33066bd908634ba026821bfecd002a35387cf289a9307ed2e63dda52.css?body=1&livereload=1614882265273" for ::1 at 2021-03-04 10:24:25 -0800
Started GET "/assets/application.self-3f57443b33066bd908634ba026821bfecd002a35387cf289a9307ed2e63dda52.css?body=1&livereload=1614882265274" for ::1 at 2021-03-04 10:24:25 -0800
Started GET "/assets/application.self-3f57443b33066bd908634ba026821bfecd002a35387cf289a9307ed2e63dda52.css?body=1&livereload=1614882268156" for ::1 at 2021-03-04 10:24:28 -0800
Started GET "/assets/application.self-3f57443b33066bd908634ba026821bfecd002a35387cf289a9307ed2e63dda52.css?body=1&livereload=1614882268157" for ::1 at 2021-03-04 10:24:28 -0800
Started GET "/assets/application.self-3f57443b33066bd908634ba026821bfecd002a35387cf289a9307ed2e63dda52.css?body=1&livereload=1614882269279" for ::1 at 2021-03-04 10:24:29 -0800
Started GET "/assets/application.self-3f57443b33066bd908634ba026821bfecd002a35387cf289a9307ed2e63dda52.css?body=1&livereload=1614882269280" for ::1 at 2021-03-04 10:24:29 -0800
Started GET "/assets/application.self-3f57443b33066bd908634ba026821bfecd002a35387cf289a9307ed2e63dda52.css?body=1&livereload=1614882271797" for ::1 at 2021-03-04 10:24:31 -0800
Started GET "/assets/application.self-3f57443b33066bd908634ba026821bfecd002a35387cf289a9307ed2e63dda52.css?body=1&livereload=1614882271799" for ::1 at 2021-03-04 10:24:31 -0800
Started GET "/assets/application.self-3f57443b33066bd908634ba026821bfecd002a35387cf289a9307ed2e63dda52.css?body=1&livereload=1614882274879" for ::1 at 2021-03-04 10:24:34 -0800
Started GET "/assets/application.self-3f57443b33066bd908634ba026821bfecd002a35387cf289a9307ed2e63dda52.css?body=1&livereload=1614882274880" for ::1 at 2021-03-04 10:24:34 -0800
Started GET "/assets/application.self-3f57443b33066bd908634ba026821bfecd002a35387cf289a9307ed2e63dda52.css?body=1&livereload=1614882277113" for ::1 at 2021-03-04 10:24:37 -0800
Started GET "/assets/application.self-3f57443b33066bd908634ba026821bfecd002a35387cf289a9307ed2e63dda52.css?body=1&livereload=1614882277114" for ::1 at 2021-03-04 10:24:37 -0800
Started GET "/assets/application.self-3f57443b33066bd908634ba026821bfecd002a35387cf289a9307ed2e63dda52.css?body=1&livereload=1614882280550" for ::1 at 2021-03-04 10:24:40 -0800
Started GET "/assets/application.self-3f57443b33066bd908634ba026821bfecd002a35387cf289a9307ed2e63dda52.css?body=1&livereload=1614882280553" for ::1 at 2021-03-04 10:24:40 -0800
Started GET "/assets/application.self-3f57443b33066bd908634ba026821bfecd002a35387cf289a9307ed2e63dda52.css?body=1&livereload=1614882282225" for ::1 at 2021-03-04 10:24:42 -0800
Started GET "/assets/application.self-3f57443b33066bd908634ba026821bfecd002a35387cf289a9307ed2e63dda52.css?body=1&livereload=1614882282226" for ::1 at 2021-03-04 10:24:42 -0800
Started GET "/assets/application.self-3f57443b33066bd908634ba026821bfecd002a35387cf289a9307ed2e63dda52.css?body=1&livereload=1614882286706" for ::1 at 2021-03-04 10:24:46 -0800
Started GET "/assets/application.self-3f57443b33066bd908634ba026821bfecd002a35387cf289a9307ed2e63dda52.css?body=1&livereload=1614882286707" for ::1 at 2021-03-04 10:24:46 -0800
Started GET "/assets/application.self-3f57443b33066bd908634ba026821bfecd002a35387cf289a9307ed2e63dda52.css?body=1&livereload=1614882289690" for ::1 at 2021-03-04 10:24:49 -0800
Started GET "/assets/application.self-3f57443b33066bd908634ba026821bfecd002a35387cf289a9307ed2e63dda52.css?body=1&livereload=1614882289692" for ::1 at 2021-03-04 10:24:49 -0800
Started GET "/assets/application.self-3f57443b33066bd908634ba026821bfecd002a35387cf289a9307ed2e63dda52.css?body=1&livereload=1614882294177" for ::1 at 2021-03-04 10:24:54 -0800
Started GET "/assets/application.self-3f57443b33066bd908634ba026821bfecd002a35387cf289a9307ed2e63dda52.css?body=1&livereload=1614882294178" for ::1 at 2021-03-04 10:24:54 -0800
Started GET "/assets/application.self-3f57443b33066bd908634ba026821bfecd002a35387cf289a9307ed2e63dda52.css?body=1&livereload=1614882372606" for ::1 at 2021-03-04 10:26:12 -0800
Started GET "/assets/application.self-3f57443b33066bd908634ba026821bfecd002a35387cf289a9307ed2e63dda52.css?body=1&livereload=1614882372607" for ::1 at 2021-03-04 10:26:12 -0800
Started GET "/assets/application.self-3f57443b33066bd908634ba026821bfecd002a35387cf289a9307ed2e63dda52.css?body=1&livereload=1614882377445" for ::1 at 2021-03-04 10:26:17 -0800
Started GET "/assets/application.self-3f57443b33066bd908634ba026821bfecd002a35387cf289a9307ed2e63dda52.css?body=1&livereload=1614882377448" for ::1 at 2021-03-04 10:26:17 -0800
Started GET "/assets/application.self-3f57443b33066bd908634ba026821bfecd002a35387cf289a9307ed2e63dda52.css?body=1&livereload=1614882382106" for ::1 at 2021-03-04 10:26:22 -0800
Started GET "/assets/application.self-3f57443b33066bd908634ba026821bfecd002a35387cf289a9307ed2e63dda52.css?body=1&livereload=1614882382107" for ::1 at 2021-03-04 10:26:22 -0800
Started GET "/assets/application.self-3f57443b33066bd908634ba026821bfecd002a35387cf289a9307ed2e63dda52.css?body=1&livereload=1614882386200" for ::1 at 2021-03-04 10:26:26 -0800
Started GET "/assets/application.self-3f57443b33066bd908634ba026821bfecd002a35387cf289a9307ed2e63dda52.css?body=1&livereload=1614882386201" for ::1 at 2021-03-04 10:26:26 -0800
Started GET "/assets/application.self-3f57443b33066bd908634ba026821bfecd002a35387cf289a9307ed2e63dda52.css?body=1&livereload=1614882387320" for ::1 at 2021-03-04 10:26:27 -0800
Started GET "/assets/application.self-3f57443b33066bd908634ba026821bfecd002a35387cf289a9307ed2e63dda52.css?body=1&livereload=1614882387321" for ::1 at 2021-03-04 10:26:27 -0800
Started GET "/assets/application.self-3f57443b33066bd908634ba026821bfecd002a35387cf289a9307ed2e63dda52.css?body=1&livereload=1614882400280" for ::1 at 2021-03-04 10:26:40 -0800
Started GET "/assets/application.self-3f57443b33066bd908634ba026821bfecd002a35387cf289a9307ed2e63dda52.css?body=1&livereload=1614882400281" for ::1 at 2021-03-04 10:26:40 -0800
Started GET "/assets/application.self-3f57443b33066bd908634ba026821bfecd002a35387cf289a9307ed2e63dda52.css?body=1&livereload=1614882409684" for ::1 at 2021-03-04 10:26:49 -0800
Started GET "/assets/application.self-3f57443b33066bd908634ba026821bfecd002a35387cf289a9307ed2e63dda52.css?body=1&livereload=1614882409685" for ::1 at 2021-03-04 10:26:49 -0800
Started GET "/assets/application.self-3f57443b33066bd908634ba026821bfecd002a35387cf289a9307ed2e63dda52.css?body=1&livereload=1614882413134" for ::1 at 2021-03-04 10:26:53 -0800
Started GET "/assets/application.self-3f57443b33066bd908634ba026821bfecd002a35387cf289a9307ed2e63dda52.css?body=1&livereload=1614882413135" for ::1 at 2021-03-04 10:26:53 -0800
Started GET "/assets/application.self-3f57443b33066bd908634ba026821bfecd002a35387cf289a9307ed2e63dda52.css?body=1&livereload=1614882419845" for ::1 at 2021-03-04 10:26:59 -0800
Started GET "/assets/application.self-3f57443b33066bd908634ba026821bfecd002a35387cf289a9307ed2e63dda52.css?body=1&livereload=1614882419847" for ::1 at 2021-03-04 10:26:59 -0800
Started GET "/assets/application.self-3f57443b33066bd908634ba026821bfecd002a35387cf289a9307ed2e63dda52.css?body=1&livereload=1614882420784" for ::1 at 2021-03-04 10:27:00 -0800
Started GET "/assets/application.self-3f57443b33066bd908634ba026821bfecd002a35387cf289a9307ed2e63dda52.css?body=1&livereload=1614882420785" for ::1 at 2021-03-04 10:27:00 -0800
Started GET "/assets/application.self-3f57443b33066bd908634ba026821bfecd002a35387cf289a9307ed2e63dda52.css?body=1&livereload=1614882422545" for ::1 at 2021-03-04 10:27:02 -0800
Started GET "/assets/application.self-3f57443b33066bd908634ba026821bfecd002a35387cf289a9307ed2e63dda52.css?body=1&livereload=1614882422546" for ::1 at 2021-03-04 10:27:02 -0800
Started GET "/assets/application.self-3f57443b33066bd908634ba026821bfecd002a35387cf289a9307ed2e63dda52.css?body=1&livereload=1614882426837" for ::1 at 2021-03-04 10:27:06 -0800
Started GET "/assets/application.self-3f57443b33066bd908634ba026821bfecd002a35387cf289a9307ed2e63dda52.css?body=1&livereload=1614882426838" for ::1 at 2021-03-04 10:27:06 -0800
Started GET "/" for ::1 at 2021-03-04 10:31:49 -0800
Processing by StaticPagesController#index as HTML
  Rendering static_pages/index.html.erb within layouts/application
  Rendered shared/_main_nav.html.erb (0.6ms)
  Rendered shared/_masthead.html.erb (0.3ms)
  Rendered shared/_sections_nav.html.erb (0.3ms)
  Rendered shared/_search_modal.html.erb (0.3ms)
  Rendered shared/_main_content.html.erb (0.2ms)
  Rendered static_pages/index.html.erb within layouts/application (15.9ms)
Completed 200 OK in 45ms (Views: 41.6ms | ActiveRecord: 0.0ms)


Started GET "/assets/application.self-5d95ccf24dc7034e8f9298c8c0cf76114d103cf8853222214113385902df2dc3.css?body=1" for ::1 at 2021-03-04 10:31:49 -0800
Started GET "/" for ::1 at 2021-03-04 10:31:51 -0800
Processing by StaticPagesController#index as HTML
  Rendering static_pages/index.html.erb within layouts/application
  Rendered shared/_main_nav.html.erb (0.4ms)
  Rendered shared/_masthead.html.erb (0.3ms)
  Rendered shared/_sections_nav.html.erb (0.4ms)
  Rendered shared/_search_modal.html.erb (0.5ms)
  Rendered shared/_main_content.html.erb (0.4ms)
  Rendered static_pages/index.html.erb within layouts/application (16.0ms)
Completed 200 OK in 38ms (Views: 35.6ms | ActiveRecord: 0.0ms)


Started GET "/" for ::1 at 2021-03-04 10:31:55 -0800
Processing by StaticPagesController#index as HTML
  Rendering static_pages/index.html.erb within layouts/application
  Rendered shared/_main_nav.html.erb (0.3ms)
  Rendered shared/_masthead.html.erb (0.3ms)
  Rendered shared/_sections_nav.html.erb (0.3ms)
  Rendered shared/_search_modal.html.erb (0.4ms)
  Rendered shared/_main_content.html.erb (0.4ms)
  Rendered static_pages/index.html.erb within layouts/application (16.8ms)
Completed 200 OK in 61ms (Views: 57.1ms | ActiveRecord: 0.0ms)


Started GET "/" for ::1 at 2021-03-04 10:32:01 -0800
Processing by StaticPagesController#index as HTML
  Rendering static_pages/index.html.erb within layouts/application
  Rendered shared/_main_nav.html.erb (0.3ms)
  Rendered shared/_masthead.html.erb (0.4ms)
  Rendered shared/_sections_nav.html.erb (0.3ms)
  Rendered shared/_search_modal.html.erb (0.3ms)
  Rendered shared/_main_content.html.erb (0.3ms)
  Rendered static_pages/index.html.erb within layouts/application (14.6ms)
Completed 200 OK in 40ms (Views: 37.0ms | ActiveRecord: 0.0ms)


Started GET "/" for ::1 at 2021-03-04 10:32:06 -0800
Processing by StaticPagesController#index as HTML
  Rendering static_pages/index.html.erb within layouts/application
  Rendered shared/_main_nav.html.erb (0.3ms)
  Rendered shared/_masthead.html.erb (0.4ms)
  Rendered shared/_sections_nav.html.erb (0.4ms)
  Rendered shared/_search_modal.html.erb (0.4ms)
  Rendered shared/_main_content.html.erb (0.3ms)
  Rendered static_pages/index.html.erb within layouts/application (16.6ms)
Completed 200 OK in 40ms (Views: 36.5ms | ActiveRecord: 0.0ms)


Started GET "/" for ::1 at 2021-03-04 10:32:08 -0800
Processing by StaticPagesController#index as HTML
  Rendering static_pages/index.html.erb within layouts/application
  Rendered shared/_main_nav.html.erb (0.4ms)
  Rendered shared/_masthead.html.erb (0.4ms)
  Rendered shared/_sections_nav.html.erb (0.3ms)
  Rendered shared/_search_modal.html.erb (0.4ms)
  Rendered shared/_main_content.html.erb (0.3ms)
  Rendered static_pages/index.html.erb within layouts/application (16.0ms)
Completed 200 OK in 39ms (Views: 36.2ms | ActiveRecord: 0.0ms)


Started GET "/" for ::1 at 2021-03-04 10:32:09 -0800
Processing by StaticPagesController#index as HTML
  Rendering static_pages/index.html.erb within layouts/application
  Rendered shared/_main_nav.html.erb (0.5ms)
  Rendered shared/_masthead.html.erb (0.3ms)
  Rendered shared/_sections_nav.html.erb (0.3ms)
  Rendered shared/_search_modal.html.erb (0.4ms)
  Rendered shared/_main_content.html.erb (0.4ms)
  Rendered static_pages/index.html.erb within layouts/application (19.2ms)
Completed 200 OK in 48ms (Views: 45.2ms | ActiveRecord: 0.0ms)


Started GET "/" for ::1 at 2021-03-04 10:32:12 -0800
Processing by StaticPagesController#index as HTML
  Rendering static_pages/index.html.erb within layouts/application
  Rendered shared/_main_nav.html.erb (0.3ms)
  Rendered shared/_masthead.html.erb (0.3ms)
  Rendered shared/_sections_nav.html.erb (0.3ms)
  Rendered shared/_search_modal.html.erb (0.2ms)
  Rendered shared/_main_content.html.erb (0.3ms)
  Rendered static_pages/index.html.erb within layouts/application (15.4ms)
Completed 200 OK in 34ms (Views: 31.8ms | ActiveRecord: 0.0ms)


Started GET "/" for ::1 at 2021-03-04 10:32:14 -0800
Processing by StaticPagesController#index as HTML
  Rendering static_pages/index.html.erb within layouts/application
  Rendered shared/_main_nav.html.erb (0.3ms)
  Rendered shared/_masthead.html.erb (0.4ms)
  Rendered shared/_sections_nav.html.erb (0.3ms)
  Rendered shared/_search_modal.html.erb (0.3ms)
  Rendered shared/_main_content.html.erb (0.3ms)
  Rendered static_pages/index.html.erb within layouts/application (13.8ms)
Completed 200 OK in 34ms (Views: 30.7ms | ActiveRecord: 0.0ms)


Started GET "/" for ::1 at 2021-03-04 10:32:27 -0800
Processing by StaticPagesController#index as HTML
  Rendering static_pages/index.html.erb within layouts/application
  Rendered shared/_main_nav.html.erb (0.3ms)
  Rendered shared/_masthead.html.erb (0.3ms)
  Rendered shared/_sections_nav.html.erb (0.3ms)
  Rendered shared/_search_modal.html.erb (0.2ms)
  Rendered shared/_main_content.html.erb (0.2ms)
  Rendered static_pages/index.html.erb within layouts/application (15.7ms)
Completed 200 OK in 34ms (Views: 32.0ms | ActiveRecord: 0.0ms)


Started GET "/" for ::1 at 2021-03-04 10:32:30 -0800
Processing by StaticPagesController#index as HTML
  Rendering static_pages/index.html.erb within layouts/application
  Rendered shared/_main_nav.html.erb (0.3ms)
  Rendered shared/_masthead.html.erb (0.3ms)
  Rendered shared/_sections_nav.html.erb (0.3ms)
  Rendered shared/_search_modal.html.erb (0.4ms)
  Rendered shared/_main_content.html.erb (0.3ms)
  Rendered static_pages/index.html.erb within layouts/application (15.3ms)
Completed 200 OK in 42ms (Views: 39.4ms | ActiveRecord: 0.0ms)


Started GET "/" for ::1 at 2021-03-04 10:32:34 -0800
Processing by StaticPagesController#index as HTML
  Rendering static_pages/index.html.erb within layouts/application
  Rendered shared/_main_nav.html.erb (0.4ms)
  Rendered shared/_masthead.html.erb (0.2ms)
  Rendered shared/_sections_nav.html.erb (0.2ms)
  Rendered shared/_search_modal.html.erb (0.2ms)
  Rendered shared/_main_content.html.erb (0.3ms)
  Rendered static_pages/index.html.erb within layouts/application (16.3ms)
Completed 200 OK in 43ms (Views: 38.2ms | ActiveRecord: 0.0ms)


Started GET "/" for ::1 at 2021-03-04 10:32:38 -0800
Processing by StaticPagesController#index as HTML
  Rendering static_pages/index.html.erb within layouts/application
  Rendered shared/_main_nav.html.erb (0.4ms)
  Rendered shared/_masthead.html.erb (0.2ms)
  Rendered shared/_sections_nav.html.erb (0.2ms)
  Rendered shared/_search_modal.html.erb (0.3ms)
  Rendered shared/_main_content.html.erb (0.6ms)
  Rendered static_pages/index.html.erb within layouts/application (34.3ms)
Completed 200 OK in 56ms (Views: 52.4ms | ActiveRecord: 0.0ms)


Started GET "/" for ::1 at 2021-03-04 10:32:39 -0800
Processing by StaticPagesController#index as HTML
  Rendering static_pages/index.html.erb within layouts/application
  Rendered shared/_main_nav.html.erb (0.5ms)
  Rendered shared/_masthead.html.erb (0.8ms)
  Rendered shared/_sections_nav.html.erb (0.3ms)
  Rendered shared/_search_modal.html.erb (0.3ms)
  Rendered shared/_main_content.html.erb (0.3ms)
  Rendered static_pages/index.html.erb within layouts/application (18.4ms)
Completed 200 OK in 43ms (Views: 39.9ms | ActiveRecord: 0.0ms)


Started GET "/" for ::1 at 2021-03-04 10:32:40 -0800
Processing by StaticPagesController#index as HTML
  Rendering static_pages/index.html.erb within layouts/application
  Rendered shared/_main_nav.html.erb (0.5ms)
  Rendered shared/_masthead.html.erb (0.5ms)
  Rendered shared/_sections_nav.html.erb (0.3ms)
  Rendered shared/_search_modal.html.erb (0.3ms)
  Rendered shared/_main_content.html.erb (0.3ms)
  Rendered static_pages/index.html.erb within layouts/application (20.3ms)
Completed 200 OK in 76ms (Views: 69.5ms | ActiveRecord: 0.0ms)


Started GET "/" for ::1 at 2021-03-04 10:32:42 -0800
Processing by StaticPagesController#index as HTML
  Rendering static_pages/index.html.erb within layouts/application
  Rendered shared/_main_nav.html.erb (0.3ms)
  Rendered shared/_masthead.html.erb (0.3ms)
  Rendered shared/_sections_nav.html.erb (0.7ms)
  Rendered shared/_search_modal.html.erb (0.5ms)
  Rendered shared/_main_content.html.erb (0.3ms)
  Rendered static_pages/index.html.erb within layouts/application (18.8ms)
Completed 200 OK in 62ms (Views: 40.7ms | ActiveRecord: 0.0ms)


Started GET "/" for ::1 at 2021-03-04 10:32:47 -0800
Processing by StaticPagesController#index as HTML
  Rendering static_pages/index.html.erb within layouts/application
  Rendered shared/_main_nav.html.erb (0.4ms)
  Rendered shared/_masthead.html.erb (0.3ms)
  Rendered shared/_sections_nav.html.erb (0.4ms)
  Rendered shared/_search_modal.html.erb (0.3ms)
  Rendered shared/_main_content.html.erb (0.7ms)
  Rendered static_pages/index.html.erb within layouts/application (21.1ms)
Completed 200 OK in 49ms (Views: 46.2ms | ActiveRecord: 0.0ms)


Started GET "/" for ::1 at 2021-03-04 10:34:20 -0800
Processing by StaticPagesController#index as HTML
  Rendering static_pages/index.html.erb within layouts/application
  Rendered shared/_main_nav.html.erb (0.3ms)
  Rendered shared/_masthead.html.erb (0.4ms)
  Rendered shared/_sections_nav.html.erb (0.3ms)
  Rendered shared/_search_modal.html.erb (0.3ms)
  Rendered shared/_main_content.html.erb (0.4ms)
  Rendered static_pages/index.html.erb within layouts/application (15.1ms)
Completed 200 OK in 44ms (Views: 41.2ms | ActiveRecord: 0.0ms)


Started GET "/" for ::1 at 2021-03-04 10:34:22 -0800
Processing by StaticPagesController#index as HTML
  Rendering static_pages/index.html.erb within layouts/application
  Rendered shared/_main_nav.html.erb (0.4ms)
  Rendered shared/_masthead.html.erb (0.3ms)
  Rendered shared/_sections_nav.html.erb (0.5ms)
  Rendered shared/_search_modal.html.erb (0.3ms)
  Rendered shared/_main_content.html.erb (0.4ms)
  Rendered static_pages/index.html.erb within layouts/application (33.7ms)
Completed 200 OK in 56ms (Views: 53.6ms | ActiveRecord: 0.0ms)


Started GET "/" for ::1 at 2021-03-04 10:34:26 -0800
Processing by StaticPagesController#index as HTML
  Rendering static_pages/index.html.erb within layouts/application
  Rendered shared/_main_nav.html.erb (0.3ms)
  Rendered shared/_masthead.html.erb (0.2ms)
  Rendered shared/_sections_nav.html.erb (0.3ms)
  Rendered shared/_search_modal.html.erb (0.5ms)
  Rendered shared/_main_content.html.erb (0.3ms)
  Rendered static_pages/index.html.erb within layouts/application (14.9ms)
Completed 200 OK in 35ms (Views: 32.8ms | ActiveRecord: 0.0ms)


Started GET "/" for ::1 at 2021-03-04 10:34:50 -0800
Processing by StaticPagesController#index as HTML
  Rendering static_pages/index.html.erb within layouts/application
  Rendered shared/_main_nav.html.erb (0.4ms)
  Rendered shared/_masthead.html.erb (0.3ms)
  Rendered shared/_sections_nav.html.erb (0.3ms)
  Rendered shared/_search_modal.html.erb (0.3ms)
  Rendered shared/_main_content.html.erb (0.3ms)
  Rendered static_pages/index.html.erb within layouts/application (17.3ms)
Completed 200 OK in 47ms (Views: 44.4ms | ActiveRecord: 0.0ms)


Started GET "/" for ::1 at 2021-03-04 10:35:04 -0800
Processing by StaticPagesController#index as HTML
  Rendering static_pages/index.html.erb within layouts/application
  Rendered shared/_main_nav.html.erb (0.3ms)
  Rendered shared/_masthead.html.erb (0.3ms)
  Rendered shared/_sections_nav.html.erb (1.0ms)
  Rendered shared/_search_modal.html.erb (0.5ms)
  Rendered shared/_main_content.html.erb (0.3ms)
  Rendered static_pages/index.html.erb within layouts/application (18.4ms)
Completed 200 OK in 40ms (Views: 38.0ms | ActiveRecord: 0.0ms)


Started GET "/" for ::1 at 2021-03-04 10:35:09 -0800
Processing by StaticPagesController#index as HTML
  Rendering static_pages/index.html.erb within layouts/application
  Rendered shared/_main_nav.html.erb (0.5ms)
  Rendered shared/_masthead.html.erb (0.4ms)
  Rendered shared/_sections_nav.html.erb (0.3ms)
  Rendered shared/_search_modal.html.erb (0.4ms)
  Rendered shared/_main_content.html.erb (0.3ms)
  Rendered static_pages/index.html.erb within layouts/application (16.0ms)
Completed 200 OK in 57ms (Views: 54.6ms | ActiveRecord: 0.0ms)


Started GET "/" for ::1 at 2021-03-04 10:35:14 -0800
Processing by StaticPagesController#index as HTML
  Rendering static_pages/index.html.erb within layouts/application
  Rendered shared/_main_nav.html.erb (0.3ms)
  Rendered shared/_masthead.html.erb (0.5ms)
  Rendered shared/_sections_nav.html.erb (0.5ms)
  Rendered shared/_search_modal.html.erb (0.3ms)
  Rendered shared/_main_content.html.erb (0.2ms)
  Rendered static_pages/index.html.erb within layouts/application (35.5ms)
Completed 200 OK in 73ms (Views: 70.0ms | ActiveRecord: 0.0ms)


Started GET "/" for ::1 at 2021-03-04 10:35:23 -0800
Processing by StaticPagesController#index as HTML
  Rendering static_pages/index.html.erb within layouts/application
  Rendered shared/_main_nav.html.erb (0.5ms)
  Rendered shared/_masthead.html.erb (0.3ms)
  Rendered shared/_sections_nav.html.erb (0.3ms)
  Rendered shared/_search_modal.html.erb (0.5ms)
  Rendered shared/_main_content.html.erb (0.5ms)
  Rendered static_pages/index.html.erb within layouts/application (33.2ms)
Completed 200 OK in 58ms (Views: 54.8ms | ActiveRecord: 0.0ms)


Started GET "/" for ::1 at 2021-03-04 10:35:25 -0800
Processing by StaticPagesController#index as HTML
  Rendering static_pages/index.html.erb within layouts/application
  Rendered shared/_main_nav.html.erb (0.3ms)
  Rendered shared/_masthead.html.erb (0.4ms)
  Rendered shared/_sections_nav.html.erb (0.4ms)
  Rendered shared/_search_modal.html.erb (0.5ms)
  Rendered shared/_main_content.html.erb (0.4ms)
  Rendered static_pages/index.html.erb within layouts/application (29.6ms)
Completed 200 OK in 63ms (Views: 60.0ms | ActiveRecord: 0.0ms)


Started GET "/" for ::1 at 2021-03-04 10:35:26 -0800
Processing by StaticPagesController#index as HTML
  Rendering static_pages/index.html.erb within layouts/application
  Rendered shared/_main_nav.html.erb (0.3ms)
  Rendered shared/_masthead.html.erb (0.4ms)
  Rendered shared/_sections_nav.html.erb (0.8ms)
  Rendered shared/_search_modal.html.erb (0.4ms)
  Rendered shared/_main_content.html.erb (0.6ms)
  Rendered static_pages/index.html.erb within layouts/application (17.8ms)
Completed 200 OK in 41ms (Views: 39.2ms | ActiveRecord: 0.0ms)


Started GET "/" for ::1 at 2021-03-04 10:35:28 -0800
Processing by StaticPagesController#index as HTML
  Rendering static_pages/index.html.erb within layouts/application
  Rendered shared/_main_nav.html.erb (0.3ms)
  Rendered shared/_masthead.html.erb (0.3ms)
  Rendered shared/_sections_nav.html.erb (0.4ms)
  Rendered shared/_search_modal.html.erb (0.3ms)
  Rendered shared/_main_content.html.erb (0.3ms)
  Rendered static_pages/index.html.erb within layouts/application (14.9ms)
Completed 200 OK in 40ms (Views: 37.4ms | ActiveRecord: 0.0ms)


Started GET "/" for ::1 at 2021-03-04 10:35:30 -0800
Processing by StaticPagesController#index as HTML
  Rendering static_pages/index.html.erb within layouts/application
  Rendered shared/_main_nav.html.erb (0.4ms)
  Rendered shared/_masthead.html.erb (0.3ms)
  Rendered shared/_sections_nav.html.erb (0.3ms)
  Rendered shared/_search_modal.html.erb (0.4ms)
  Rendered shared/_main_content.html.erb (0.3ms)
  Rendered static_pages/index.html.erb within layouts/application (17.2ms)
Completed 200 OK in 38ms (Views: 35.9ms | ActiveRecord: 0.0ms)


Started GET "/" for ::1 at 2021-03-04 10:35:31 -0800
Processing by StaticPagesController#index as HTML
  Rendering static_pages/index.html.erb within layouts/application
  Rendered shared/_main_nav.html.erb (0.3ms)
  Rendered shared/_masthead.html.erb (0.3ms)
  Rendered shared/_sections_nav.html.erb (0.3ms)
  Rendered shared/_search_modal.html.erb (0.4ms)
  Rendered shared/_main_content.html.erb (0.4ms)
  Rendered static_pages/index.html.erb within layouts/application (18.8ms)
Completed 200 OK in 58ms (Views: 54.6ms | ActiveRecord: 0.0ms)


Started GET "/" for ::1 at 2021-03-04 10:35:34 -0800
Processing by StaticPagesController#index as HTML
  Rendering static_pages/index.html.erb within layouts/application
  Rendered shared/_main_nav.html.erb (0.6ms)
  Rendered shared/_masthead.html.erb (0.3ms)
  Rendered shared/_sections_nav.html.erb (0.4ms)
  Rendered shared/_search_modal.html.erb (0.3ms)
  Rendered shared/_main_content.html.erb (0.3ms)
  Rendered static_pages/index.html.erb within layouts/application (16.9ms)
Completed 200 OK in 39ms (Views: 36.5ms | ActiveRecord: 0.0ms)


Started GET "/" for ::1 at 2021-03-04 10:35:40 -0800
Processing by StaticPagesController#index as HTML
  Rendering static_pages/index.html.erb within layouts/application
  Rendered shared/_main_nav.html.erb (0.3ms)
  Rendered shared/_masthead.html.erb (0.3ms)
  Rendered shared/_sections_nav.html.erb (0.3ms)
  Rendered shared/_search_modal.html.erb (0.3ms)
  Rendered shared/_main_content.html.erb (0.4ms)
  Rendered static_pages/index.html.erb within layouts/application (15.3ms)
Completed 200 OK in 40ms (Views: 37.4ms | ActiveRecord: 0.0ms)


Started GET "/" for ::1 at 2021-03-04 10:35:46 -0800
Processing by StaticPagesController#index as HTML
  Rendering static_pages/index.html.erb within layouts/application
  Rendered shared/_main_nav.html.erb (0.4ms)
  Rendered shared/_masthead.html.erb (0.5ms)
  Rendered shared/_sections_nav.html.erb (0.5ms)
  Rendered shared/_search_modal.html.erb (0.3ms)
  Rendered shared/_main_content.html.erb (0.3ms)
  Rendered static_pages/index.html.erb within layouts/application (17.3ms)
Completed 200 OK in 38ms (Views: 35.6ms | ActiveRecord: 0.0ms)


Started GET "/" for ::1 at 2021-03-04 10:35:55 -0800
Processing by StaticPagesController#index as HTML
  Rendering static_pages/index.html.erb within layouts/application
  Rendered shared/_main_nav.html.erb (0.3ms)
  Rendered shared/_masthead.html.erb (0.2ms)
  Rendered shared/_sections_nav.html.erb (0.3ms)
  Rendered shared/_search_modal.html.erb (0.3ms)
  Rendered shared/_main_content.html.erb (0.5ms)
  Rendered static_pages/index.html.erb within layouts/application (15.4ms)
Completed 200 OK in 36ms (Views: 33.6ms | ActiveRecord: 0.0ms)


Started GET "/" for ::1 at 2021-03-04 10:36:03 -0800
Processing by StaticPagesController#index as HTML
  Rendering static_pages/index.html.erb within layouts/application
  Rendered shared/_main_nav.html.erb (0.3ms)
  Rendered shared/_masthead.html.erb (0.3ms)
  Rendered shared/_sections_nav.html.erb (0.4ms)
  Rendered shared/_search_modal.html.erb (0.3ms)
  Rendered shared/_main_content.html.erb (0.3ms)
  Rendered static_pages/index.html.erb within layouts/application (15.3ms)
Completed 200 OK in 45ms (Views: 42.4ms | ActiveRecord: 0.0ms)


Started GET "/" for ::1 at 2021-03-04 10:37:39 -0800
Processing by StaticPagesController#index as HTML
  Rendering static_pages/index.html.erb within layouts/application
  Rendered shared/_main_nav.html.erb (0.4ms)
  Rendered shared/_masthead.html.erb (0.3ms)
  Rendered shared/_sections_nav.html.erb (0.3ms)
  Rendered shared/_search_modal.html.erb (0.5ms)
  Rendered shared/_main_content.html.erb (0.4ms)
  Rendered static_pages/index.html.erb within layouts/application (17.2ms)
Completed 200 OK in 49ms (Views: 46.1ms | ActiveRecord: 0.0ms)


Started GET "/" for ::1 at 2021-03-04 10:37:41 -0800
Processing by StaticPagesController#index as HTML
  Rendering static_pages/index.html.erb within layouts/application
  Rendered shared/_main_nav.html.erb (0.3ms)
  Rendered shared/_masthead.html.erb (0.2ms)
  Rendered shared/_sections_nav.html.erb (0.3ms)
  Rendered shared/_search_modal.html.erb (0.3ms)
  Rendered shared/_main_content.html.erb (0.4ms)
  Rendered static_pages/index.html.erb within layouts/application (16.0ms)
Completed 200 OK in 43ms (Views: 40.7ms | ActiveRecord: 0.0ms)


Started GET "/" for ::1 at 2021-03-04 10:37:47 -0800
Processing by StaticPagesController#index as HTML
  Rendering static_pages/index.html.erb within layouts/application
  Rendered shared/_main_nav.html.erb (0.3ms)
  Rendered shared/_masthead.html.erb (0.2ms)
  Rendered shared/_sections_nav.html.erb (0.3ms)
  Rendered shared/_search_modal.html.erb (0.3ms)
  Rendered shared/_main_content.html.erb (0.3ms)
  Rendered static_pages/index.html.erb within layouts/application (14.5ms)
Completed 200 OK in 37ms (Views: 33.6ms | ActiveRecord: 0.0ms)


Started GET "/" for ::1 at 2021-03-04 10:37:48 -0800
Processing by StaticPagesController#index as HTML
  Rendering static_pages/index.html.erb within layouts/application
  Rendered shared/_main_nav.html.erb (0.3ms)
  Rendered shared/_masthead.html.erb (0.3ms)
  Rendered shared/_sections_nav.html.erb (0.3ms)
  Rendered shared/_search_modal.html.erb (0.4ms)
  Rendered shared/_main_content.html.erb (0.3ms)
  Rendered static_pages/index.html.erb within layouts/application (18.3ms)
Completed 200 OK in 44ms (Views: 40.8ms | ActiveRecord: 0.0ms)


